<?xml version="1.0" encoding="UTF-8"?>
<coverage generated="1776924395279" clover="3.2.0">
  <project timestamp="1776924395279" name="All files">
    <metrics statements="668" coveredstatements="472" conditionals="490" coveredconditionals="331" methods="228" coveredmethods="180" elements="1386" coveredelements="983" complexity="0" loc="668" ncloc="668" packages="9" files="33" classes="33"/>
    <package name="components.common">
      <metrics statements="183" coveredstatements="108" conditionals="159" coveredconditionals="89" methods="51" coveredmethods="36"/>
      <file name="Button.tsx" path="/Users/jvalin/dev/st5/green_leaf/judgement/frontend/src/components/common/Button.tsx">
        <metrics statements="2" coveredstatements="2" conditionals="9" coveredconditionals="9" methods="1" coveredmethods="1"/>
        <line num="18" count="22" type="stmt"/>
        <line num="26" count="22" type="stmt"/>
      </file>
      <file name="Card.tsx" path="/Users/jvalin/dev/st5/green_leaf/judgement/frontend/src/components/common/Card.tsx">
        <metrics statements="25" coveredstatements="25" conditionals="35" coveredconditionals="32" methods="10" coveredmethods="10"/>
        <line num="21" count="8" type="cond" truecount="4" falsecount="0"/>
        <line num="22" count="34" type="stmt"/>
        <line num="23" count="34" type="stmt"/>
        <line num="25" count="34" type="stmt"/>
        <line num="34" count="34" type="cond" truecount="2" falsecount="0"/>
        <line num="36" count="34" type="stmt"/>
        <line num="64" count="34" type="cond" truecount="2" falsecount="0"/>
        <line num="65" count="9" type="stmt"/>
        <line num="68" count="25" type="cond" truecount="2" falsecount="0"/>
        <line num="69" count="5" type="stmt"/>
        <line num="72" count="20" type="stmt"/>
        <line num="84" count="9" type="stmt"/>
        <line num="85" count="9" type="cond" truecount="1" falsecount="1"/>
        <line num="87" count="9" type="cond" truecount="1" falsecount="1"/>
        <line num="89" count="9" type="stmt"/>
        <line num="92" count="67" type="stmt"/>
        <line num="105" count="67" type="stmt"/>
        <line num="129" count="5" type="stmt"/>
        <line num="139" count="20" type="stmt"/>
        <line num="153" count="32" type="stmt"/>
        <line num="154" count="32" type="stmt"/>
        <line num="155" count="32" type="cond" truecount="2" falsecount="0"/>
        <line num="157" count="32" type="stmt"/>
        <line num="167" count="34" type="cond" truecount="2" falsecount="0"/>
        <line num="171" count="25" type="cond" truecount="2" falsecount="0"/>
      </file>
      <file name="FaceCardArt.tsx" path="/Users/jvalin/dev/st5/green_leaf/judgement/frontend/src/components/common/FaceCardArt.tsx">
        <metrics statements="11" coveredstatements="9" conditionals="6" coveredconditionals="3" methods="5" coveredmethods="3"/>
        <line num="14" count="8" type="stmt"/>
        <line num="15" count="5" type="stmt"/>
        <line num="17" count="5" type="cond" truecount="1" falsecount="1"/>
        <line num="18" count="5" type="cond" truecount="1" falsecount="1"/>
        <line num="19" count="5" type="stmt"/>
        <line num="23" count="5" type="stmt"/>
        <line num="24" count="5" type="stmt"/>
        <line num="28" count="5" type="cond" truecount="1" falsecount="1"/>
        <line num="32" count="0" type="stmt"/>
        <line num="60" count="0" type="stmt"/>
        <line num="96" count="5" type="stmt"/>
      </file>
      <file name="Modal.tsx" path="/Users/jvalin/dev/st5/green_leaf/judgement/frontend/src/components/common/Modal.tsx">
        <metrics statements="7" coveredstatements="7" conditionals="6" coveredconditionals="6" methods="5" coveredmethods="5"/>
        <line num="12" count="22" type="stmt"/>
        <line num="14" count="2" type="cond" truecount="4" falsecount="0"/>
        <line num="15" count="1" type="stmt"/>
        <line num="19" count="21" type="stmt"/>
        <line num="20" count="21" type="stmt"/>
        <line num="23" count="22" type="stmt"/>
        <line num="43" count="3" type="stmt"/>
      </file>
      <file name="SettingsModal.tsx" path="/Users/jvalin/dev/st5/green_leaf/judgement/frontend/src/components/common/SettingsModal.tsx">
        <metrics statements="118" coveredstatements="45" conditionals="97" coveredconditionals="33" methods="27" coveredmethods="14"/>
        <line num="35" count="9" type="stmt"/>
        <line num="47" count="9" type="stmt"/>
        <line num="60" count="9" type="stmt"/>
        <line num="67" count="13" type="stmt"/>
        <line num="69" count="13" type="stmt"/>
        <line num="90" count="13" type="stmt"/>
        <line num="95" count="117" type="stmt"/>
        <line num="100" count="117" type="stmt"/>
        <line num="101" count="0" type="stmt"/>
        <line num="113" count="117" type="stmt"/>
        <line num="114" count="117" type="stmt"/>
        <line num="117" count="117" type="stmt"/>
        <line num="132" count="13" type="stmt"/>
        <line num="137" count="130" type="stmt"/>
        <line num="142" count="130" type="stmt"/>
        <line num="144" count="130" type="stmt"/>
        <line num="145" count="0" type="stmt"/>
        <line num="169" count="13" type="stmt"/>
        <line num="174" count="39" type="stmt"/>
        <line num="179" count="39" type="stmt"/>
        <line num="180" count="1" type="stmt"/>
        <line num="193" count="13" type="stmt"/>
        <line num="194" count="13" type="stmt"/>
        <line num="195" count="13" type="stmt"/>
        <line num="196" count="13" type="stmt"/>
        <line num="198" count="13" type="stmt"/>
        <line num="199" count="12" type="stmt"/>
        <line num="202" count="13" type="stmt"/>
        <line num="203" count="0" type="stmt"/>
        <line num="204" count="0" type="stmt"/>
        <line num="205" count="0" type="stmt"/>
        <line num="206" count="0" type="stmt"/>
        <line num="207" count="0" type="cond" truecount="0" falsecount="2"/>
        <line num="208" count="0" type="stmt"/>
        <line num="210" count="0" type="stmt"/>
        <line num="211" count="0" type="stmt"/>
        <line num="215" count="13" type="stmt"/>
        <line num="216" count="0" type="stmt"/>
        <line num="217" count="0" type="stmt"/>
        <line num="218" count="0" type="stmt"/>
        <line num="219" count="0" type="stmt"/>
        <line num="220" count="0" type="cond" truecount="0" falsecount="2"/>
        <line num="221" count="0" type="stmt"/>
        <line num="222" count="0" type="cond" truecount="0" falsecount="2"/>
        <line num="224" count="0" type="stmt"/>
        <line num="227" count="0" type="stmt"/>
        <line num="228" count="0" type="stmt"/>
        <line num="232" count="13" type="stmt"/>
        <line num="301" count="9" type="stmt"/>
        <line num="304" count="13" type="stmt"/>
        <line num="305" count="13" type="stmt"/>
        <line num="306" count="13" type="stmt"/>
        <line num="307" count="13" type="stmt"/>
        <line num="308" count="13" type="stmt"/>
        <line num="310" count="13" type="stmt"/>
        <line num="311" count="12" type="stmt"/>
        <line num="315" count="13" type="stmt"/>
        <line num="316" count="12" type="cond" truecount="1" falsecount="1"/>
        <line num="318" count="0" type="stmt"/>
        <line num="319" count="0" type="stmt"/>
        <line num="320" count="0" type="stmt"/>
        <line num="321" count="0" type="stmt"/>
        <line num="322" count="0" type="cond" truecount="0" falsecount="2"/>
        <line num="323" count="0" type="stmt"/>
        <line num="325" count="0" type="cond" truecount="0" falsecount="2"/>
        <line num="326" count="0" type="stmt"/>
        <line num="327" count="0" type="stmt"/>
        <line num="331" count="0" type="cond" truecount="0" falsecount="2"/>
        <line num="332" count="0" type="stmt"/>
        <line num="333" count="0" type="cond" truecount="0" falsecount="2"/>
        <line num="338" count="0" type="cond" truecount="0" falsecount="2"/>
        <line num="339" count="0" type="stmt"/>
        <line num="340" count="0" type="stmt"/>
        <line num="341" count="0" type="cond" truecount="0" falsecount="2"/>
        <line num="342" count="0" type="stmt"/>
        <line num="343" count="0" type="stmt"/>
        <line num="353" count="0" type="stmt"/>
        <line num="354" count="0" type="stmt"/>
        <line num="355" count="0" type="stmt"/>
        <line num="356" count="0" type="stmt"/>
        <line num="357" count="0" type="stmt"/>
        <line num="361" count="13" type="stmt"/>
        <line num="362" count="0" type="stmt"/>
        <line num="363" count="0" type="stmt"/>
        <line num="364" count="0" type="stmt"/>
        <line num="365" count="0" type="stmt"/>
        <line num="366" count="0" type="stmt"/>
        <line num="367" count="0" type="cond" truecount="0" falsecount="2"/>
        <line num="368" count="0" type="stmt"/>
        <line num="369" count="0" type="stmt"/>
        <line num="370" count="0" type="cond" truecount="0" falsecount="2"/>
        <line num="371" count="0" type="stmt"/>
        <line num="372" count="0" type="cond" truecount="0" falsecount="2"/>
        <line num="373" count="0" type="stmt"/>
        <line num="374" count="0" type="stmt"/>
        <line num="376" count="0" type="stmt"/>
        <line num="377" count="0" type="stmt"/>
        <line num="380" count="0" type="stmt"/>
        <line num="381" count="0" type="stmt"/>
        <line num="385" count="13" type="stmt"/>
        <line num="386" count="0" type="stmt"/>
        <line num="387" count="0" type="stmt"/>
        <line num="388" count="0" type="stmt"/>
        <line num="389" count="0" type="stmt"/>
        <line num="390" count="0" type="stmt"/>
        <line num="391" count="0" type="cond" truecount="0" falsecount="2"/>
        <line num="392" count="0" type="stmt"/>
        <line num="393" count="0" type="stmt"/>
        <line num="396" count="0" type="stmt"/>
        <line num="397" count="0" type="stmt"/>
        <line num="401" count="13" type="stmt"/>
        <line num="411" count="13" type="cond" truecount="3" falsecount="0"/>
        <line num="413" count="13" type="stmt"/>
        <line num="414" count="0" type="cond" truecount="0" falsecount="2"/>
        <line num="415" count="0" type="stmt"/>
        <line num="417" count="0" type="stmt"/>
        <line num="421" count="13" type="stmt"/>
        <line num="468" count="9" type="stmt"/>
      </file>
      <file name="SuitIcon.tsx" path="/Users/jvalin/dev/st5/green_leaf/judgement/frontend/src/components/common/SuitIcon.tsx">
        <metrics statements="2" coveredstatements="2" conditionals="1" coveredconditionals="1" methods="1" coveredmethods="1"/>
        <line num="9" count="8" type="stmt"/>
        <line num="16" count="12" type="stmt"/>
      </file>
      <file name="SuitSvg.tsx" path="/Users/jvalin/dev/st5/green_leaf/judgement/frontend/src/components/common/SuitSvg.tsx">
        <metrics statements="7" coveredstatements="7" conditionals="5" coveredconditionals="5" methods="2" coveredmethods="2"/>
        <line num="11" count="8" type="cond" truecount="1" falsecount="0"/>
        <line num="12" count="168" type="stmt"/>
        <line num="27" count="168" type="cond" truecount="4" falsecount="0"/>
        <line num="30" count="79" type="stmt"/>
        <line num="39" count="69" type="stmt"/>
        <line num="46" count="11" type="stmt"/>
        <line num="54" count="9" type="stmt"/>
      </file>
      <file name="index.ts" path="/Users/jvalin/dev/st5/green_leaf/judgement/frontend/src/components/common/index.ts">
        <metrics statements="0" coveredstatements="0" conditionals="0" coveredconditionals="0" methods="0" coveredmethods="0"/>
      </file>
      <file name="pipLayouts.ts" path="/Users/jvalin/dev/st5/green_leaf/judgement/frontend/src/components/common/pipLayouts.ts">
        <metrics statements="11" coveredstatements="11" conditionals="0" coveredconditionals="0" methods="0" coveredmethods="0"/>
        <line num="13" count="8" type="stmt"/>
        <line num="14" count="8" type="stmt"/>
        <line num="15" count="8" type="stmt"/>
        <line num="17" count="8" type="stmt"/>
        <line num="18" count="8" type="stmt"/>
        <line num="19" count="8" type="stmt"/>
        <line num="20" count="8" type="stmt"/>
        <line num="21" count="8" type="stmt"/>
        <line num="22" count="8" type="stmt"/>
        <line num="23" count="8" type="stmt"/>
        <line num="25" count="8" type="stmt"/>
      </file>
    </package>
    <package name="components.game">
      <metrics statements="88" coveredstatements="87" conditionals="102" coveredconditionals="92" methods="34" coveredmethods="34"/>
      <file name="BidSelector.tsx" path="/Users/jvalin/dev/st5/green_leaf/judgement/frontend/src/components/game/BidSelector.tsx">
        <metrics statements="16" coveredstatements="16" conditionals="26" coveredconditionals="21" methods="8" coveredmethods="8"/>
        <line num="18" count="10" type="cond" truecount="1" falsecount="1"/>
        <line num="19" count="10" type="stmt"/>
        <line num="20" count="10" type="cond" truecount="1" falsecount="1"/>
        <line num="21" count="10" type="cond" truecount="1" falsecount="1"/>
        <line num="22" count="10" type="cond" truecount="3" falsecount="1"/>
        <line num="24" count="10" type="stmt"/>
        <line num="41" count="60" type="stmt"/>
        <line num="45" count="1" type="stmt"/>
        <line num="64" count="10" type="stmt"/>
        <line num="69" count="30" type="stmt"/>
        <line num="70" count="30" type="cond" truecount="2" falsecount="0"/>
        <line num="71" count="30" type="stmt"/>
        <line num="83" count="30" type="stmt"/>
        <line num="84" count="30" type="stmt"/>
        <line num="85" count="30" type="stmt"/>
        <line num="90" count="30" type="stmt"/>
      </file>
      <file name="OpponentArea.tsx" path="/Users/jvalin/dev/st5/green_leaf/judgement/frontend/src/components/game/OpponentArea.tsx">
        <metrics statements="17" coveredstatements="17" conditionals="10" coveredconditionals="9" methods="7" coveredmethods="7"/>
        <line num="21" count="10" type="cond" truecount="2" falsecount="0"/>
        <line num="22" count="10" type="stmt"/>
        <line num="23" count="10" type="stmt"/>
        <line num="25" count="10" type="stmt"/>
        <line num="29" count="30" type="stmt"/>
        <line num="62" count="7" type="cond" truecount="2" falsecount="0"/>
        <line num="64" count="7" type="stmt"/>
        <line num="75" count="3" type="stmt"/>
        <line num="78" count="37" type="stmt"/>
        <line num="79" count="37" type="stmt"/>
        <line num="80" count="183" type="stmt"/>
        <line num="82" count="37" type="stmt"/>
        <line num="86" count="7" type="stmt"/>
        <line num="90" count="10" type="cond" truecount="1" falsecount="1"/>
        <line num="91" count="10" type="stmt"/>
        <line num="92" count="10" type="stmt"/>
        <line num="93" count="30" type="stmt"/>
      </file>
      <file name="PlayerHand.tsx" path="/Users/jvalin/dev/st5/green_leaf/judgement/frontend/src/components/game/PlayerHand.tsx">
        <metrics statements="13" coveredstatements="13" conditionals="8" coveredconditionals="8" methods="8" coveredmethods="8"/>
        <line num="6" count="1" type="stmt"/>
        <line num="14" count="6" type="stmt"/>
        <line num="15" count="8" type="stmt"/>
        <line num="16" count="8" type="cond" truecount="2" falsecount="0"/>
        <line num="17" count="1" type="stmt"/>
        <line num="29" count="6" type="stmt"/>
        <line num="30" count="6" type="stmt"/>
        <line num="34" count="11" type="cond" truecount="2" falsecount="0"/>
        <line num="35" count="11" type="cond" truecount="2" falsecount="0"/>
        <line num="36" count="11" type="stmt"/>
        <line num="42" count="1" type="cond" truecount="2" falsecount="0"/>
        <line num="52" count="4" type="stmt"/>
        <line num="56" count="11" type="stmt"/>
      </file>
      <file name="PlayerInfo.tsx" path="/Users/jvalin/dev/st5/green_leaf/judgement/frontend/src/components/game/PlayerInfo.tsx">
        <metrics statements="10" coveredstatements="10" conditionals="10" coveredconditionals="10" methods="3" coveredmethods="3"/>
        <line num="15" count="8" type="cond" truecount="2" falsecount="0"/>
        <line num="17" count="7" type="stmt"/>
        <line num="18" count="7" type="cond" truecount="2" falsecount="0"/>
        <line num="19" count="8" type="cond" truecount="2" falsecount="0"/>
        <line num="20" count="8" type="stmt"/>
        <line num="21" count="8" type="stmt"/>
        <line num="23" count="8" type="stmt"/>
        <line num="28" count="8" type="stmt"/>
        <line num="39" count="7" type="stmt"/>
        <line num="40" count="7" type="cond" truecount="2" falsecount="0"/>
      </file>
      <file name="RoundInfo.tsx" path="/Users/jvalin/dev/st5/green_leaf/judgement/frontend/src/components/game/RoundInfo.tsx">
        <metrics statements="9" coveredstatements="9" conditionals="18" coveredconditionals="16" methods="1" coveredmethods="1"/>
        <line num="17" count="14" type="cond" truecount="2" falsecount="0"/>
        <line num="19" count="13" type="stmt"/>
        <line num="20" count="13" type="cond" truecount="1" falsecount="1"/>
        <line num="21" count="14" type="stmt"/>
        <line num="22" count="14" type="cond" truecount="1" falsecount="1"/>
        <line num="25" count="14" type="cond" truecount="2" falsecount="0"/>
        <line num="26" count="14" type="cond" truecount="2" falsecount="0"/>
        <line num="28" count="14" type="cond" truecount="2" falsecount="0"/>
        <line num="32" count="14" type="stmt"/>
      </file>
      <file name="TrickArea.tsx" path="/Users/jvalin/dev/st5/green_leaf/judgement/frontend/src/components/game/TrickArea.tsx">
        <metrics statements="23" coveredstatements="22" conditionals="30" coveredconditionals="28" methods="7" coveredmethods="7"/>
        <line num="25" count="7" type="cond" truecount="4" falsecount="0"/>
        <line num="26" count="1" type="stmt"/>
        <line num="33" count="6" type="cond" truecount="2" falsecount="0"/>
        <line num="34" count="7" type="stmt"/>
        <line num="40" count="7" type="stmt"/>
        <line num="44" count="12" type="stmt"/>
        <line num="45" count="12" type="stmt"/>
        <line num="46" count="12" type="stmt"/>
        <line num="47" count="12" type="cond" truecount="2" falsecount="0"/>
        <line num="48" count="12" type="stmt"/>
        <line num="75" count="19" type="stmt"/>
        <line num="76" count="12" type="cond" truecount="3" falsecount="1"/>
        <line num="77" count="0" type="stmt"/>
        <line num="79" count="12" type="stmt"/>
        <line num="82" count="12" type="stmt"/>
        <line num="83" count="12" type="stmt"/>
        <line num="85" count="12" type="stmt"/>
        <line num="86" count="12" type="stmt"/>
        <line num="104" count="12" type="stmt"/>
        <line num="110" count="12" type="cond" truecount="2" falsecount="0"/>
        <line num="115" count="12" type="stmt"/>
        <line num="134" count="22" type="stmt"/>
        <line num="135" count="15" type="cond" truecount="1" falsecount="1"/>
      </file>
    </package>
    <package name="components.scoreboard">
      <metrics statements="143" coveredstatements="89" conditionals="114" coveredconditionals="70" methods="60" coveredmethods="44"/>
      <file name="FinalResults.tsx" path="/Users/jvalin/dev/st5/green_leaf/judgement/frontend/src/components/scoreboard/FinalResults.tsx">
        <metrics statements="127" coveredstatements="73" conditionals="78" coveredconditionals="40" methods="54" coveredmethods="38"/>
        <line num="18" count="9" type="stmt"/>
        <line num="19" count="9" type="cond" truecount="1" falsecount="1"/>
        <line num="20" count="27" type="stmt"/>
        <line num="21" count="9" type="stmt"/>
        <line num="23" count="9" type="stmt"/>
        <line num="24" count="9" type="stmt"/>
        <line num="25" count="0" type="cond" truecount="0" falsecount="2"/>
        <line num="26" count="0" type="cond" truecount="0" falsecount="2"/>
        <line num="28" count="9" type="stmt"/>
        <line num="31" count="9" type="stmt"/>
        <line num="41" count="27" type="stmt"/>
        <line num="70" count="9" type="cond" truecount="1" falsecount="1"/>
        <line num="71" count="9" type="stmt"/>
        <line num="72" count="9" type="stmt"/>
        <line num="73" count="9" type="stmt"/>
        <line num="74" count="9" type="cond" truecount="1" falsecount="1"/>
        <line num="75" count="9" type="cond" truecount="2" falsecount="2"/>
        <line num="76" count="0" type="stmt"/>
        <line num="78" count="9" type="cond" truecount="1" falsecount="1"/>
        <line num="79" count="0" type="stmt"/>
        <line num="81" count="0" type="stmt"/>
        <line num="89" count="10" type="stmt"/>
        <line num="91" count="9" type="stmt"/>
        <line num="106" count="27" type="cond" truecount="2" falsecount="0"/>
        <line num="108" count="27" type="stmt"/>
        <line num="117" count="18" type="cond" truecount="2" falsecount="2"/>
        <line num="123" count="9" type="cond" truecount="1" falsecount="4"/>
        <line num="125" count="9" type="stmt"/>
        <line num="127" count="0" type="stmt"/>
        <line num="129" count="0" type="stmt"/>
        <line num="131" count="0" type="stmt"/>
        <line num="133" count="0" type="stmt"/>
        <line num="140" count="9" type="stmt"/>
        <line num="153" count="0" type="stmt"/>
        <line num="164" count="0" type="stmt"/>
        <line num="167" count="0" type="stmt"/>
        <line num="185" count="1" type="stmt"/>
        <line num="186" count="60" type="stmt"/>
        <line num="199" count="0" type="stmt"/>
        <line num="202" count="0" type="stmt"/>
        <line num="219" count="40" type="stmt"/>
        <line num="231" count="0" type="stmt"/>
        <line num="234" count="0" type="stmt"/>
        <line num="252" count="12" type="stmt"/>
        <line num="263" count="1" type="stmt"/>
        <line num="269" count="2872" type="stmt"/>
        <line num="270" count="2872" type="stmt"/>
        <line num="274" count="2" type="stmt"/>
        <line num="275" count="320" type="stmt"/>
        <line num="276" count="320" type="stmt"/>
        <line num="303" count="1" type="stmt"/>
        <line num="304" count="1" type="stmt"/>
        <line num="307" count="9" type="cond" truecount="1" falsecount="1"/>
        <line num="309" count="9" type="stmt"/>
        <line num="312" count="1800" type="stmt"/>
        <line num="333" count="1" type="stmt"/>
        <line num="334" count="1" type="stmt"/>
        <line num="337" count="20" type="stmt"/>
        <line num="344" count="240" type="stmt"/>
        <line num="345" count="240" type="stmt"/>
        <line num="346" count="240" type="stmt"/>
        <line num="351" count="1" type="stmt"/>
        <line num="352" count="1" type="stmt"/>
        <line num="355" count="9" type="cond" truecount="1" falsecount="1"/>
        <line num="357" count="9" type="stmt"/>
        <line num="360" count="126" type="stmt"/>
        <line num="370" count="1512" type="stmt"/>
        <line num="389" count="6" type="stmt"/>
        <line num="396" count="9" type="stmt"/>
        <line num="399" count="54" type="stmt"/>
        <line num="416" count="20" type="stmt"/>
        <line num="425" count="9" type="stmt"/>
        <line num="428" count="180" type="stmt"/>
        <line num="448" count="10" type="stmt"/>
        <line num="449" count="10" type="stmt"/>
        <line num="450" count="10" type="stmt"/>
        <line num="451" count="10" type="stmt"/>
        <line num="452" count="10" type="stmt"/>
        <line num="454" count="10" type="stmt"/>
        <line num="455" count="9" type="stmt"/>
        <line num="456" count="9" type="cond" truecount="1" falsecount="1"/>
        <line num="457" count="0" type="stmt"/>
        <line num="458" count="0" type="stmt"/>
        <line num="460" count="9" type="stmt"/>
        <line num="463" count="10" type="cond" truecount="4" falsecount="1"/>
        <line num="465" count="0" type="stmt"/>
        <line num="466" count="0" type="stmt"/>
        <line num="467" count="0" type="stmt"/>
        <line num="468" count="0" type="stmt"/>
        <line num="469" count="0" type="cond" truecount="0" falsecount="2"/>
        <line num="470" count="0" type="stmt"/>
        <line num="471" count="0" type="stmt"/>
        <line num="472" count="0" type="stmt"/>
        <line num="475" count="0" type="stmt"/>
        <line num="476" count="0" type="stmt"/>
        <line num="477" count="0" type="stmt"/>
        <line num="478" count="0" type="cond" truecount="0" falsecount="2"/>
        <line num="479" count="0" type="stmt"/>
        <line num="480" count="0" type="cond" truecount="0" falsecount="2"/>
        <line num="481" count="0" type="stmt"/>
        <line num="483" count="0" type="cond" truecount="0" falsecount="2"/>
        <line num="484" count="0" type="stmt"/>
        <line num="485" count="0" type="stmt"/>
        <line num="486" count="0" type="stmt"/>
        <line num="489" count="0" type="stmt"/>
        <line num="490" count="0" type="stmt"/>
        <line num="492" count="0" type="stmt"/>
        <line num="493" count="0" type="stmt"/>
        <line num="497" count="0" type="stmt"/>
        <line num="498" count="0" type="stmt"/>
        <line num="499" count="0" type="stmt"/>
        <line num="502" count="0" type="stmt"/>
        <line num="503" count="0" type="stmt"/>
        <line num="504" count="0" type="stmt"/>
        <line num="505" count="0" type="stmt"/>
        <line num="508" count="0" type="cond" truecount="0" falsecount="2"/>
        <line num="509" count="0" type="stmt"/>
        <line num="516" count="0" type="stmt"/>
        <line num="519" count="0" type="stmt"/>
        <line num="526" count="0" type="stmt"/>
        <line num="527" count="0" type="stmt"/>
        <line num="582" count="1" type="stmt"/>
        <line num="596" count="1" type="stmt"/>
        <line num="609" count="1" type="cond" truecount="1" falsecount="1"/>
        <line num="611" count="1" type="stmt"/>
        <line num="621" count="11" type="stmt"/>
        <line num="650" count="11" type="stmt"/>
      </file>
      <file name="Scoreboard.tsx" path="/Users/jvalin/dev/st5/green_leaf/judgement/frontend/src/components/scoreboard/Scoreboard.tsx">
        <metrics statements="16" coveredstatements="16" conditionals="36" coveredconditionals="30" methods="6" coveredmethods="6"/>
        <line num="21" count="10" type="stmt"/>
        <line num="22" count="10" type="stmt"/>
        <line num="36" count="30" type="stmt"/>
        <line num="64" count="30" type="cond" truecount="2" falsecount="0"/>
        <line num="65" count="30" type="stmt"/>
        <line num="84" count="10" type="cond" truecount="1" falsecount="1"/>
        <line num="85" count="10" type="stmt"/>
        <line num="86" count="10" type="stmt"/>
        <line num="87" count="30" type="cond" truecount="1" falsecount="1"/>
        <line num="88" count="30" type="cond" truecount="2" falsecount="0"/>
        <line num="90" count="10" type="stmt"/>
        <line num="91" count="10" type="stmt"/>
        <line num="92" count="30" type="cond" truecount="3" falsecount="1"/>
        <line num="94" count="10" type="stmt"/>
        <line num="98" count="57" type="stmt"/>
        <line num="99" count="30" type="cond" truecount="2" falsecount="0"/>
      </file>
    </package>
    <package name="context">
      <metrics statements="23" coveredstatements="23" conditionals="2" coveredconditionals="2" methods="9" coveredmethods="9"/>
      <file name="SettingsContext.tsx" path="/Users/jvalin/dev/st5/green_leaf/judgement/frontend/src/context/SettingsContext.tsx">
        <metrics statements="23" coveredstatements="23" conditionals="2" coveredconditionals="2" methods="9" coveredmethods="9"/>
        <line num="17" count="11" type="stmt"/>
        <line num="24" count="71" type="stmt"/>
        <line num="27" count="71" type="stmt"/>
        <line num="28" count="69" type="stmt"/>
        <line num="29" count="69" type="stmt"/>
        <line num="30" count="69" type="stmt"/>
        <line num="31" count="69" type="stmt"/>
        <line num="32" count="69" type="stmt"/>
        <line num="34" count="69" type="stmt"/>
        <line num="35" count="69" type="stmt"/>
        <line num="36" count="69" type="stmt"/>
        <line num="37" count="69" type="stmt"/>
        <line num="40" count="71" type="stmt"/>
        <line num="41" count="2" type="stmt"/>
        <line num="44" count="71" type="stmt"/>
        <line num="45" count="3" type="stmt"/>
        <line num="48" count="71" type="stmt"/>
        <line num="49" count="3" type="stmt"/>
        <line num="52" count="71" type="stmt"/>
        <line num="60" count="61" type="stmt"/>
        <line num="61" count="61" type="cond" truecount="2" falsecount="0"/>
        <line num="62" count="2" type="stmt"/>
        <line num="64" count="59" type="stmt"/>
      </file>
    </package>
    <package name="hooks">
      <metrics statements="95" coveredstatements="73" conditionals="80" coveredconditionals="56" methods="34" coveredmethods="27"/>
      <file name="useGame.ts" path="/Users/jvalin/dev/st5/green_leaf/judgement/frontend/src/hooks/useGame.ts">
        <metrics statements="95" coveredstatements="73" conditionals="80" coveredconditionals="56" methods="34" coveredmethods="27"/>
        <line num="43" count="44" type="cond" truecount="7" falsecount="2"/>
        <line num="45" count="17" type="stmt"/>
        <line num="47" count="21" type="stmt"/>
        <line num="49" count="2" type="stmt"/>
        <line num="51" count="1" type="stmt"/>
        <line num="53" count="1" type="stmt"/>
        <line num="55" count="0" type="stmt"/>
        <line num="57" count="1" type="stmt"/>
        <line num="59" count="1" type="stmt"/>
        <line num="61" count="0" type="stmt"/>
        <line num="74" count="17" type="cond" truecount="1" falsecount="1"/>
        <line num="75" count="17" type="stmt"/>
        <line num="82" count="22" type="cond" truecount="2" falsecount="0"/>
        <line num="83" count="2" type="stmt"/>
        <line num="90" count="20" type="cond" truecount="2" falsecount="2"/>
        <line num="91" count="0" type="stmt"/>
        <line num="97" count="20" type="cond" truecount="11" falsecount="7"/>
        <line num="99" count="2" type="stmt"/>
        <line num="101" count="1" type="stmt"/>
        <line num="103" count="2" type="stmt"/>
        <line num="105" count="2" type="stmt"/>
        <line num="107" count="0" type="stmt"/>
        <line num="109" count="2" type="stmt"/>
        <line num="111" count="3" type="stmt"/>
        <line num="113" count="1" type="stmt"/>
        <line num="115" count="2" type="stmt"/>
        <line num="117" count="1" type="stmt"/>
        <line num="119" count="1" type="stmt"/>
        <line num="122" count="0" type="stmt"/>
        <line num="124" count="3" type="stmt"/>
        <line num="126" count="0" type="stmt"/>
        <line num="128" count="0" type="stmt"/>
        <line num="130" count="0" type="stmt"/>
        <line num="132" count="0" type="stmt"/>
        <line num="140" count="2" type="cond" truecount="1" falsecount="1"/>
        <line num="141" count="2" type="cond" truecount="1" falsecount="1"/>
        <line num="142" count="2" type="stmt"/>
        <line num="143" count="3" type="cond" truecount="1" falsecount="1"/>
        <line num="148" count="2" type="stmt"/>
        <line num="171" count="1" type="stmt"/>
        <line num="187" count="2" type="stmt"/>
        <line num="196" count="2" type="stmt"/>
        <line num="197" count="2" type="stmt"/>
        <line num="204" count="0" type="stmt"/>
        <line num="213" count="2" type="stmt"/>
        <line num="214" count="2" type="stmt"/>
        <line num="215" count="2" type="stmt"/>
        <line num="216" count="2" type="stmt"/>
        <line num="225" count="3" type="stmt"/>
        <line num="235" count="1" type="stmt"/>
        <line num="252" count="2" type="stmt"/>
        <line num="261" count="1" type="stmt"/>
        <line num="269" count="1" type="stmt"/>
        <line num="278" count="3" type="stmt"/>
        <line num="279" count="3" type="cond" truecount="2" falsecount="0"/>
        <line num="280" count="2" type="stmt"/>
        <line num="287" count="0" type="stmt"/>
        <line num="289" count="0" type="stmt"/>
        <line num="295" count="0" type="stmt"/>
        <line num="302" count="0" type="stmt"/>
        <line num="303" count="0" type="cond" truecount="0" falsecount="3"/>
        <line num="304" count="0" type="stmt"/>
        <line num="311" count="1" type="stmt"/>
        <line num="320" count="1" type="stmt"/>
        <line num="321" count="1" type="stmt"/>
        <line num="323" count="1" type="stmt"/>
        <line num="333" count="0" type="stmt"/>
        <line num="334" count="0" type="stmt"/>
        <line num="335" count="0" type="stmt"/>
        <line num="337" count="0" type="stmt"/>
        <line num="351" count="2" type="cond" truecount="2" falsecount="0"/>
        <line num="352" count="1" type="stmt"/>
        <line num="354" count="1" type="stmt"/>
        <line num="355" count="1" type="cond" truecount="2" falsecount="0"/>
        <line num="357" count="1" type="cond" truecount="1" falsecount="1"/>
        <line num="358" count="0" type="stmt"/>
        <line num="360" count="1" type="stmt"/>
        <line num="366" count="65" type="stmt"/>
        <line num="368" count="65" type="stmt"/>
        <line num="369" count="17" type="stmt"/>
        <line num="372" count="65" type="stmt"/>
        <line num="373" count="21" type="stmt"/>
        <line num="376" count="65" type="stmt"/>
        <line num="377" count="2" type="stmt"/>
        <line num="380" count="65" type="stmt"/>
        <line num="381" count="1" type="stmt"/>
        <line num="384" count="65" type="stmt"/>
        <line num="385" count="1" type="stmt"/>
        <line num="388" count="65" type="stmt"/>
        <line num="389" count="0" type="stmt"/>
        <line num="392" count="65" type="stmt"/>
        <line num="393" count="1" type="stmt"/>
        <line num="396" count="65" type="stmt"/>
        <line num="397" count="1" type="stmt"/>
        <line num="400" count="65" type="stmt"/>
      </file>
    </package>
    <package name="services">
      <metrics statements="96" coveredstatements="61" conditionals="19" coveredconditionals="12" methods="30" coveredmethods="24"/>
      <file name="api.ts" path="/Users/jvalin/dev/st5/green_leaf/judgement/frontend/src/services/api.ts">
        <metrics statements="60" coveredstatements="60" conditionals="12" coveredconditionals="12" methods="24" coveredmethods="24"/>
        <line num="68" count="8" type="stmt"/>
        <line num="74" count="6" type="stmt"/>
        <line num="75" count="6" type="stmt"/>
        <line num="76" count="6" type="stmt"/>
        <line num="81" count="27" type="cond" truecount="2" falsecount="0"/>
        <line num="82" count="6" type="stmt"/>
        <line num="83" count="6" type="stmt"/>
        <line num="84" count="6" type="stmt"/>
        <line num="85" count="6" type="stmt"/>
        <line num="86" count="6" type="cond" truecount="2" falsecount="0"/>
        <line num="87" count="2" type="stmt"/>
        <line num="92" count="6" type="stmt"/>
        <line num="94" count="21" type="stmt"/>
        <line num="98" count="6" type="cond" truecount="2" falsecount="0"/>
        <line num="99" count="5" type="cond" truecount="2" falsecount="0"/>
        <line num="100" count="2" type="cond" truecount="2" falsecount="0"/>
        <line num="101" count="1" type="stmt"/>
        <line num="105" count="12" type="stmt"/>
        <line num="117" count="2" type="stmt"/>
        <line num="118" count="2" type="stmt"/>
        <line num="124" count="5" type="stmt"/>
        <line num="125" count="5" type="stmt"/>
        <line num="132" count="1" type="stmt"/>
        <line num="133" count="1" type="stmt"/>
        <line num="141" count="1" type="stmt"/>
        <line num="145" count="1" type="stmt"/>
        <line num="153" count="1" type="stmt"/>
        <line num="158" count="1" type="stmt"/>
        <line num="164" count="1" type="stmt"/>
        <line num="165" count="1" type="stmt"/>
        <line num="198" count="2" type="stmt"/>
        <line num="201" count="2" type="stmt"/>
        <line num="208" count="1" type="stmt"/>
        <line num="209" count="1" type="stmt"/>
        <line num="213" count="1" type="stmt"/>
        <line num="214" count="1" type="stmt"/>
        <line num="221" count="2" type="stmt"/>
        <line num="222" count="2" type="cond" truecount="2" falsecount="0"/>
        <line num="223" count="2" type="stmt"/>
        <line num="224" count="2" type="stmt"/>
        <line num="230" count="1" type="stmt"/>
        <line num="231" count="1" type="stmt"/>
        <line num="251" count="1" type="stmt"/>
        <line num="252" count="1" type="stmt"/>
        <line num="256" count="1" type="stmt"/>
        <line num="257" count="1" type="stmt"/>
        <line num="261" count="1" type="stmt"/>
        <line num="262" count="1" type="stmt"/>
        <line num="281" count="1" type="stmt"/>
        <line num="282" count="1" type="stmt"/>
        <line num="316" count="1" type="stmt"/>
        <line num="317" count="1" type="stmt"/>
        <line num="321" count="1" type="stmt"/>
        <line num="322" count="1" type="stmt"/>
        <line num="326" count="1" type="stmt"/>
        <line num="327" count="1" type="stmt"/>
        <line num="331" count="1" type="stmt"/>
        <line num="332" count="1" type="stmt"/>
        <line num="336" count="1" type="stmt"/>
        <line num="337" count="1" type="stmt"/>
      </file>
      <file name="audio.ts" path="/Users/jvalin/dev/st5/green_leaf/judgement/frontend/src/services/audio.ts">
        <metrics statements="36" coveredstatements="1" conditionals="7" coveredconditionals="0" methods="6" coveredmethods="0"/>
        <line num="6" count="1" type="stmt"/>
        <line num="9" count="0" type="stmt"/>
        <line num="10" count="0" type="cond" truecount="0" falsecount="2"/>
        <line num="11" count="0" type="stmt"/>
        <line num="13" count="0" type="stmt"/>
        <line num="15" count="0" type="stmt"/>
        <line num="27" count="0" type="stmt"/>
        <line num="28" count="0" type="stmt"/>
        <line num="30" count="0" type="stmt"/>
        <line num="31" count="0" type="stmt"/>
        <line num="33" count="0" type="stmt"/>
        <line num="34" count="0" type="stmt"/>
        <line num="35" count="0" type="stmt"/>
        <line num="36" count="0" type="stmt"/>
        <line num="38" count="0" type="stmt"/>
        <line num="39" count="0" type="stmt"/>
        <line num="41" count="0" type="stmt"/>
        <line num="42" count="0" type="stmt"/>
        <line num="50" count="0" type="stmt"/>
        <line num="51" count="0" type="cond" truecount="0" falsecount="2"/>
        <line num="53" count="0" type="stmt"/>
        <line num="54" count="0" type="stmt"/>
        <line num="55" count="0" type="stmt"/>
        <line num="57" count="0" type="stmt"/>
        <line num="58" count="0" type="stmt"/>
        <line num="60" count="0" type="stmt"/>
        <line num="64" count="0" type="stmt"/>
        <line num="65" count="0" type="stmt"/>
        <line num="66" count="0" type="stmt"/>
        <line num="73" count="0" type="stmt"/>
        <line num="74" count="0" type="cond" truecount="0" falsecount="2"/>
        <line num="76" count="0" type="stmt"/>
        <line num="77" count="0" type="stmt"/>
        <line num="78" count="0" type="stmt"/>
        <line num="80" count="0" type="stmt"/>
        <line num="81" count="0" type="stmt"/>
      </file>
    </package>
    <package name="styles">
      <metrics statements="0" coveredstatements="0" conditionals="0" coveredconditionals="0" methods="0" coveredmethods="0"/>
      <file name="animations.module.css" path="/Users/jvalin/dev/st5/green_leaf/judgement/frontend/src/styles/animations.module.css">
        <metrics statements="0" coveredstatements="0" conditionals="0" coveredconditionals="0" methods="0" coveredmethods="0"/>
      </file>
      <file name="card.module.css" path="/Users/jvalin/dev/st5/green_leaf/judgement/frontend/src/styles/card.module.css">
        <metrics statements="0" coveredstatements="0" conditionals="0" coveredconditionals="0" methods="0" coveredmethods="0"/>
      </file>
      <file name="common.module.css" path="/Users/jvalin/dev/st5/green_leaf/judgement/frontend/src/styles/common.module.css">
        <metrics statements="0" coveredstatements="0" conditionals="0" coveredconditionals="0" methods="0" coveredmethods="0"/>
      </file>
      <file name="game.module.css" path="/Users/jvalin/dev/st5/green_leaf/judgement/frontend/src/styles/game.module.css">
        <metrics statements="0" coveredstatements="0" conditionals="0" coveredconditionals="0" methods="0" coveredmethods="0"/>
      </file>
      <file name="scoreboard.module.css" path="/Users/jvalin/dev/st5/green_leaf/judgement/frontend/src/styles/scoreboard.module.css">
        <metrics statements="0" coveredstatements="0" conditionals="0" coveredconditionals="0" methods="0" coveredmethods="0"/>
      </file>
      <file name="settings.module.css" path="/Users/jvalin/dev/st5/green_leaf/judgement/frontend/src/styles/settings.module.css">
        <metrics statements="0" coveredstatements="0" conditionals="0" coveredconditionals="0" methods="0" coveredmethods="0"/>
      </file>
    </package>
    <package name="test">
      <metrics statements="11" coveredstatements="3" conditionals="12" coveredconditionals="8" methods="5" coveredmethods="2"/>
      <file name="helpers.tsx" path="/Users/jvalin/dev/st5/green_leaf/judgement/frontend/src/test/helpers.tsx">
        <metrics statements="11" coveredstatements="3" conditionals="12" coveredconditionals="8" methods="5" coveredmethods="2"/>
        <line num="30" count="6" type="stmt"/>
        <line num="33" count="0" type="stmt"/>
        <line num="49" count="0" type="stmt"/>
        <line num="50" count="0" type="cond" truecount="0" falsecount="2"/>
        <line num="51" count="0" type="stmt"/>
        <line num="60" count="0" type="stmt"/>
        <line num="61" count="0" type="stmt"/>
        <line num="62" count="0" type="stmt"/>
        <line num="69" count="0" type="stmt"/>
        <line num="85" count="97" type="stmt"/>
        <line num="94" count="26" type="stmt"/>
      </file>
    </package>
    <package name="types">
      <metrics statements="29" coveredstatements="28" conditionals="2" coveredconditionals="2" methods="5" coveredmethods="4"/>
      <file name="card.ts" path="/Users/jvalin/dev/st5/green_leaf/judgement/frontend/src/types/card.ts">
        <metrics statements="8" coveredstatements="8" conditionals="2" coveredconditionals="2" methods="2" coveredmethods="2"/>
        <line num="1" count="14" type="stmt"/>
        <line num="10" count="14" type="stmt"/>
        <line num="33" count="14" type="stmt"/>
        <line num="40" count="14" type="stmt"/>
        <line num="47" count="14" type="stmt"/>
        <line num="63" count="14" type="stmt"/>
        <line num="71" count="8" type="cond" truecount="2" falsecount="0"/>
        <line num="75" count="4" type="stmt"/>
      </file>
      <file name="events.ts" path="/Users/jvalin/dev/st5/green_leaf/judgement/frontend/src/types/events.ts">
        <metrics statements="2" coveredstatements="2" conditionals="0" coveredconditionals="0" methods="0" coveredmethods="0"/>
        <line num="4" count="13" type="stmt"/>
        <line num="142" count="13" type="stmt"/>
      </file>
      <file name="game.ts" path="/Users/jvalin/dev/st5/green_leaf/judgement/frontend/src/types/game.ts">
        <metrics statements="10" coveredstatements="9" conditionals="0" coveredconditionals="0" methods="3" coveredmethods="2"/>
        <line num="4" count="14" type="stmt"/>
        <line num="16" count="14" type="stmt"/>
        <line num="27" count="14" type="stmt"/>
        <line num="34" count="14" type="stmt"/>
        <line num="101" count="14" type="stmt"/>
        <line num="140" count="14" type="stmt"/>
        <line num="149" count="14" type="stmt"/>
        <line num="153" count="84" type="stmt"/>
        <line num="156" count="84" type="stmt"/>
        <line num="159" count="0" type="stmt"/>
      </file>
      <file name="index.ts" path="/Users/jvalin/dev/st5/green_leaf/judgement/frontend/src/types/index.ts">
        <metrics statements="0" coveredstatements="0" conditionals="0" coveredconditionals="0" methods="0" coveredmethods="0"/>
      </file>
      <file name="settings.ts" path="/Users/jvalin/dev/st5/green_leaf/judgement/frontend/src/types/settings.ts">
        <metrics statements="9" coveredstatements="9" conditionals="0" coveredconditionals="0" methods="0" coveredmethods="0"/>
        <line num="1" count="14" type="stmt"/>
        <line num="14" count="14" type="stmt"/>
        <line num="28" count="14" type="stmt"/>
        <line num="41" count="14" type="stmt"/>
        <line num="47" count="14" type="stmt"/>
        <line num="60" count="14" type="stmt"/>
        <line num="73" count="14" type="stmt"/>
        <line num="85" count="14" type="stmt"/>
        <line num="91" count="14" type="stmt"/>
      </file>
    </package>
  </project>
</coverage>
