{"/Users/jvalin/dev/st5/green_leaf/judgement/frontend/src/components/common/Button.tsx": {"path":"/Users/jvalin/dev/st5/green_leaf/judgement/frontend/src/components/common/Button.tsx","statementMap":{"0":{"start":{"line":18,"column":21},"end":{"line":24,"column":29}},"1":{"start":{"line":26,"column":2},"end":{"line":29,"column":null}}},"fnMap":{"0":{"name":"Button","decl":{"start":{"line":10,"column":16},"end":{"line":10,"column":23}},"loc":{"start":{"line":17,"column":16},"end":{"line":29,"column":null}},"line":17}},"branchMap":{"0":{"loc":{"start":{"line":11,"column":2},"end":{"line":11,"column":null}},"type":"default-arg","locations":[{"start":{"line":11,"column":12},"end":{"line":11,"column":null}}],"line":11},"1":{"loc":{"start":{"line":12,"column":2},"end":{"line":12,"column":null}},"type":"default-arg","locations":[{"start":{"line":12,"column":9},"end":{"line":12,"column":null}}],"line":12},"2":{"loc":{"start":{"line":13,"column":2},"end":{"line":13,"column":null}},"type":"default-arg","locations":[{"start":{"line":13,"column":14},"end":{"line":13,"column":null}}],"line":13},"3":{"loc":{"start":{"line":21,"column":4},"end":{"line":21,"column":null}},"type":"cond-expr","locations":[{"start":{"line":21,"column":24},"end":{"line":21,"column":39}},{"start":{"line":21,"column":39},"end":{"line":21,"column":null}}],"line":21},"4":{"loc":{"start":{"line":22,"column":4},"end":{"line":22,"column":null}},"type":"cond-expr","locations":[{"start":{"line":22,"column":16},"end":{"line":22,"column":35}},{"start":{"line":22,"column":35},"end":{"line":22,"column":null}}],"line":22},"5":{"loc":{"start":{"line":23,"column":4},"end":{"line":23,"column":null}},"type":"binary-expr","locations":[{"start":{"line":23,"column":4},"end":{"line":23,"column":17}},{"start":{"line":23,"column":17},"end":{"line":23,"column":null}}],"line":23}},"s":{"0":22,"1":22},"f":{"0":22},"b":{"0":[22],"1":[22],"2":[22],"3":[11,11],"4":[1,21],"5":[22,21]},"meta":{"lastBranch":6,"lastFunction":1,"lastStatement":2,"seen":{"f:10:16:10:23":0,"b:11:12:11:Infinity":0,"b:12:9:12:Infinity":1,"b:13:14:13:Infinity":2,"s:18:21:24:29":0,"b:21:24:21:39:21:39:21:Infinity":3,"b:22:16:22:35:22:35:22:Infinity":4,"b:23:4:23:17:23:17:23:Infinity":5,"s:26:2:29:Infinity":1}}}
,"/Users/jvalin/dev/st5/green_leaf/judgement/frontend/src/components/common/Card.tsx": {"path":"/Users/jvalin/dev/st5/green_leaf/judgement/frontend/src/components/common/Card.tsx","statementMap":{"0":{"start":{"line":21,"column":13},"end":{"line":53,"column":null}},"1":{"start":{"line":22,"column":16},"end":{"line":22,"column":null}},"2":{"start":{"line":23,"column":20},"end":{"line":23,"column":null}},"3":{"start":{"line":25,"column":21},"end":{"line":32,"column":29}},"4":{"start":{"line":34,"column":25},"end":{"line":34,"column":null}},"5":{"start":{"line":36,"column":2},"end":{"line":49,"column":null}},"6":{"start":{"line":64,"column":2},"end":{"line":65,"column":null}},"7":{"start":{"line":65,"column":4},"end":{"line":65,"column":null}},"8":{"start":{"line":68,"column":2},"end":{"line":69,"column":null}},"9":{"start":{"line":69,"column":4},"end":{"line":69,"column":null}},"10":{"start":{"line":72,"column":2},"end":{"line":72,"column":null}},"11":{"start":{"line":84,"column":20},"end":{"line":84,"column":null}},"12":{"start":{"line":85,"column":2},"end":{"line":85,"column":null}},"13":{"start":{"line":85,"column":18},"end":{"line":85,"column":null}},"14":{"start":{"line":87,"column":18},"end":{"line":87,"column":null}},"15":{"start":{"line":89,"column":2},"end":{"line":94,"column":null}},"16":{"start":{"line":92,"column":8},"end":{"line":92,"column":null}},"17":{"start":{"line":105,"column":2},"end":{"line":117,"column":null}},"18":{"start":{"line":129,"column":2},"end":{"line":132,"column":null}},"19":{"start":{"line":139,"column":2},"end":{"line":142,"column":null}},"20":{"start":{"line":153,"column":10},"end":{"line":153,"column":36}},"21":{"start":{"line":154,"column":22},"end":{"line":154,"column":null}},"22":{"start":{"line":155,"column":21},"end":{"line":155,"column":104}},"23":{"start":{"line":157,"column":2},"end":{"line":160,"column":null}},"24":{"start":{"line":167,"column":2},"end":{"line":167,"column":null}},"25":{"start":{"line":171,"column":2},"end":{"line":171,"column":null}}},"fnMap":{"0":{"name":"Card","decl":{"start":{"line":21,"column":34},"end":{"line":21,"column":39}},"loc":{"start":{"line":21,"column":136},"end":{"line":53,"column":null}},"line":21},"1":{"name":"CardCenter","decl":{"start":{"line":63,"column":9},"end":{"line":63,"column":20}},"loc":{"start":{"line":63,"column":60},"end":{"line":72,"column":null}},"line":63},"2":{"name":"PipGrid","decl":{"start":{"line":83,"column":9},"end":{"line":83,"column":17}},"loc":{"start":{"line":83,"column":54},"end":{"line":94,"column":null}},"line":83},"3":{"name":"(anonymous_3)","decl":{"start":{"line":91,"column":17},"end":{"line":91,"column":22}},"loc":{"start":{"line":92,"column":8},"end":{"line":92,"column":null}},"line":92},"4":{"name":"Pip","decl":{"start":{"line":104,"column":9},"end":{"line":104,"column":13}},"loc":{"start":{"line":104,"column":49},"end":{"line":117,"column":null}},"line":104},"5":{"name":"FaceCardDesign","decl":{"start":{"line":128,"column":9},"end":{"line":128,"column":24}},"loc":{"start":{"line":128,"column":61},"end":{"line":132,"column":null}},"line":128},"6":{"name":"AceDesign","decl":{"start":{"line":138,"column":9},"end":{"line":138,"column":19}},"loc":{"start":{"line":138,"column":45},"end":{"line":142,"column":null}},"line":138},"7":{"name":"CardBack","decl":{"start":{"line":152,"column":16},"end":{"line":152,"column":25}},"loc":{"start":{"line":152,"column":59},"end":{"line":160,"column":null}},"line":152},"8":{"name":"isNumberRank","decl":{"start":{"line":166,"column":9},"end":{"line":166,"column":22}},"loc":{"start":{"line":166,"column":43},"end":{"line":167,"column":null}},"line":166},"9":{"name":"isFaceRank","decl":{"start":{"line":170,"column":9},"end":{"line":170,"column":20}},"loc":{"start":{"line":170,"column":41},"end":{"line":171,"column":null}},"line":170}},"branchMap":{"0":{"loc":{"start":{"line":21,"column":47},"end":{"line":21,"column":65}},"type":"default-arg","locations":[{"start":{"line":21,"column":58},"end":{"line":21,"column":65}}],"line":21},"1":{"loc":{"start":{"line":21,"column":65},"end":{"line":21,"column":83}},"type":"default-arg","locations":[{"start":{"line":21,"column":76},"end":{"line":21,"column":83}}],"line":21},"2":{"loc":{"start":{"line":21,"column":83},"end":{"line":21,"column":99}},"type":"default-arg","locations":[{"start":{"line":21,"column":92},"end":{"line":21,"column":99}}],"line":21},"3":{"loc":{"start":{"line":21,"column":99},"end":{"line":21,"column":114}},"type":"default-arg","locations":[{"start":{"line":21,"column":107},"end":{"line":21,"column":114}}],"line":21},"4":{"loc":{"start":{"line":28,"column":4},"end":{"line":28,"column":null}},"type":"cond-expr","locations":[{"start":{"line":28,"column":15},"end":{"line":28,"column":33}},{"start":{"line":28,"column":33},"end":{"line":28,"column":null}}],"line":28},"5":{"loc":{"start":{"line":29,"column":4},"end":{"line":29,"column":null}},"type":"cond-expr","locations":[{"start":{"line":29,"column":15},"end":{"line":29,"column":33}},{"start":{"line":29,"column":33},"end":{"line":29,"column":null}}],"line":29},"6":{"loc":{"start":{"line":30,"column":4},"end":{"line":30,"column":null}},"type":"cond-expr","locations":[{"start":{"line":30,"column":13},"end":{"line":30,"column":29}},{"start":{"line":30,"column":29},"end":{"line":30,"column":null}}],"line":30},"7":{"loc":{"start":{"line":31,"column":4},"end":{"line":31,"column":null}},"type":"cond-expr","locations":[{"start":{"line":31,"column":12},"end":{"line":31,"column":27}},{"start":{"line":31,"column":27},"end":{"line":31,"column":null}}],"line":31},"8":{"loc":{"start":{"line":34,"column":25},"end":{"line":34,"column":null}},"type":"cond-expr","locations":[{"start":{"line":34,"column":33},"end":{"line":34,"column":38}},{"start":{"line":34,"column":38},"end":{"line":34,"column":null}}],"line":34},"9":{"loc":{"start":{"line":37,"column":41},"end":{"line":37,"column":73}},"type":"cond-expr","locations":[{"start":{"line":37,"column":52},"end":{"line":37,"column":62}},{"start":{"line":37,"column":62},"end":{"line":37,"column":73}}],"line":37},"10":{"loc":{"start":{"line":37,"column":79},"end":{"line":37,"column":null}},"type":"cond-expr","locations":[{"start":{"line":37,"column":90},"end":{"line":37,"column":101}},{"start":{"line":37,"column":101},"end":{"line":37,"column":null}}],"line":37},"11":{"loc":{"start":{"line":64,"column":2},"end":{"line":65,"column":null}},"type":"if","locations":[{"start":{"line":64,"column":2},"end":{"line":65,"column":null}},{"start":{},"end":{}}],"line":64},"12":{"loc":{"start":{"line":68,"column":2},"end":{"line":69,"column":null}},"type":"if","locations":[{"start":{"line":68,"column":2},"end":{"line":69,"column":null}},{"start":{},"end":{}}],"line":68},"13":{"loc":{"start":{"line":85,"column":2},"end":{"line":85,"column":null}},"type":"if","locations":[{"start":{"line":85,"column":2},"end":{"line":85,"column":null}},{"start":{},"end":{}}],"line":85},"14":{"loc":{"start":{"line":87,"column":18},"end":{"line":87,"column":null}},"type":"cond-expr","locations":[{"start":{"line":87,"column":26},"end":{"line":87,"column":31}},{"start":{"line":87,"column":31},"end":{"line":87,"column":null}}],"line":87},"15":{"loc":{"start":{"line":111,"column":19},"end":{"line":113,"column":null}},"type":"cond-expr","locations":[{"start":{"line":112,"column":12},"end":{"line":112,"column":null}},{"start":{"line":113,"column":12},"end":{"line":113,"column":null}}],"line":111},"16":{"loc":{"start":{"line":152,"column":27},"end":{"line":152,"column":59}},"type":"default-arg","locations":[{"start":{"line":152,"column":35},"end":{"line":152,"column":59}}],"line":152},"17":{"loc":{"start":{"line":155,"column":52},"end":{"line":155,"column":78}},"type":"cond-expr","locations":[{"start":{"line":155,"column":60},"end":{"line":155,"column":75}},{"start":{"line":155,"column":75},"end":{"line":155,"column":78}}],"line":155},"18":{"loc":{"start":{"line":167,"column":10},"end":{"line":167,"column":null}},"type":"binary-expr","locations":[{"start":{"line":167,"column":10},"end":{"line":167,"column":48}},{"start":{"line":167,"column":48},"end":{"line":167,"column":null}}],"line":167},"19":{"loc":{"start":{"line":171,"column":10},"end":{"line":171,"column":null}},"type":"binary-expr","locations":[{"start":{"line":171,"column":10},"end":{"line":171,"column":49}},{"start":{"line":171,"column":49},"end":{"line":171,"column":null}}],"line":171}},"s":{"0":8,"1":34,"2":34,"3":34,"4":34,"5":34,"6":34,"7":9,"8":25,"9":5,"10":20,"11":9,"12":9,"13":0,"14":9,"15":9,"16":67,"17":67,"18":5,"19":20,"20":32,"21":32,"22":32,"23":32,"24":34,"25":25},"f":{"0":34,"1":34,"2":9,"3":67,"4":67,"5":5,"6":20,"7":32,"8":34,"9":25},"b":{"0":[34],"1":[34],"2":[34],"3":[34],"4":[5,29],"5":[0,34],"6":[3,31],"7":[1,33],"8":[1,33],"9":[5,29],"10":[5,29],"11":[9,25],"12":[5,20],"13":[0,9],"14":[0,9],"15":[31,36],"16":[32],"17":[31,1],"18":[34,34],"19":[25,25]},"meta":{"lastBranch":20,"lastFunction":10,"lastStatement":26,"seen":{"s:21:13:53:Infinity":0,"f:21:34:21:39":0,"b:21:58:21:65":0,"b:21:76:21:83":1,"b:21:92:21:99":2,"b:21:107:21:114":3,"s:22:16:22:Infinity":1,"s:23:20:23:Infinity":2,"s:25:21:32:29":3,"b:28:15:28:33:28:33:28:Infinity":4,"b:29:15:29:33:29:33:29:Infinity":5,"b:30:13:30:29:30:29:30:Infinity":6,"b:31:12:31:27:31:27:31:Infinity":7,"s:34:25:34:Infinity":4,"b:34:33:34:38:34:38:34:Infinity":8,"s:36:2:49:Infinity":5,"b:37:52:37:62:37:62:37:73":9,"b:37:90:37:101:37:101:37:Infinity":10,"f:63:9:63:20":1,"b:64:2:65:Infinity:undefined:undefined:undefined:undefined":11,"s:64:2:65:Infinity":6,"s:65:4:65:Infinity":7,"b:68:2:69:Infinity:undefined:undefined:undefined:undefined":12,"s:68:2:69:Infinity":8,"s:69:4:69:Infinity":9,"s:72:2:72:Infinity":10,"f:83:9:83:17":2,"s:84:20:84:Infinity":11,"b:85:2:85:Infinity:undefined:undefined:undefined:undefined":13,"s:85:2:85:Infinity":12,"s:85:18:85:Infinity":13,"s:87:18:87:Infinity":14,"b:87:26:87:31:87:31:87:Infinity":14,"s:89:2:94:Infinity":15,"f:91:17:91:22":3,"s:92:8:92:Infinity":16,"f:104:9:104:13":4,"s:105:2:117:Infinity":17,"b:112:12:112:Infinity:113:12:113:Infinity":15,"f:128:9:128:24":5,"s:129:2:132:Infinity":18,"f:138:9:138:19":6,"s:139:2:142:Infinity":19,"f:152:16:152:25":7,"b:152:35:152:59":16,"s:153:10:153:36":20,"s:154:22:154:Infinity":21,"s:155:21:155:104":22,"b:155:60:155:75:155:75:155:78":17,"s:157:2:160:Infinity":23,"f:166:9:166:22":8,"s:167:2:167:Infinity":24,"b:167:10:167:48:167:48:167:Infinity":18,"f:170:9:170:20":9,"s:171:2:171:Infinity":25,"b:171:10:171:49:171:49:171:Infinity":19}}}
,"/Users/jvalin/dev/st5/green_leaf/judgement/frontend/src/components/common/FaceCardArt.tsx": {"path":"/Users/jvalin/dev/st5/green_leaf/judgement/frontend/src/components/common/FaceCardArt.tsx","statementMap":{"0":{"start":{"line":14,"column":13},"end":{"line":20,"column":null}},"1":{"start":{"line":15,"column":16},"end":{"line":15,"column":32}},"2":{"start":{"line":17,"column":2},"end":{"line":17,"column":null}},"3":{"start":{"line":17,"column":44},"end":{"line":17,"column":null}},"4":{"start":{"line":18,"column":2},"end":{"line":18,"column":null}},"5":{"start":{"line":18,"column":45},"end":{"line":18,"column":null}},"6":{"start":{"line":19,"column":2},"end":{"line":19,"column":null}},"7":{"start":{"line":23,"column":20},"end":{"line":23,"column":null}},"8":{"start":{"line":24,"column":38},"end":{"line":27,"column":null}},"9":{"start":{"line":28,"column":2},"end":{"line":28,"column":null}},"10":{"start":{"line":32,"column":2},"end":{"line":53,"column":null}},"11":{"start":{"line":60,"column":2},"end":{"line":89,"column":null}},"12":{"start":{"line":96,"column":2},"end":{"line":130,"column":null}}},"fnMap":{"0":{"name":"FaceCardArt","decl":{"start":{"line":14,"column":41},"end":{"line":14,"column":53}},"loc":{"start":{"line":14,"column":87},"end":{"line":20,"column":null}},"line":14},"1":{"name":"getSuitHex","decl":{"start":{"line":22,"column":9},"end":{"line":22,"column":20}},"loc":{"start":{"line":22,"column":40},"end":{"line":28,"column":null}},"line":22},"2":{"name":"JackArt","decl":{"start":{"line":31,"column":9},"end":{"line":31,"column":17}},"loc":{"start":{"line":31,"column":47},"end":{"line":53,"column":null}},"line":31},"3":{"name":"QueenArt","decl":{"start":{"line":59,"column":9},"end":{"line":59,"column":18}},"loc":{"start":{"line":59,"column":48},"end":{"line":89,"column":null}},"line":59},"4":{"name":"KingArt","decl":{"start":{"line":95,"column":9},"end":{"line":95,"column":17}},"loc":{"start":{"line":95,"column":47},"end":{"line":130,"column":null}},"line":95}},"branchMap":{"0":{"loc":{"start":{"line":17,"column":2},"end":{"line":17,"column":null}},"type":"if","locations":[{"start":{"line":17,"column":2},"end":{"line":17,"column":null}},{"start":{},"end":{}}],"line":17},"1":{"loc":{"start":{"line":18,"column":2},"end":{"line":18,"column":null}},"type":"if","locations":[{"start":{"line":18,"column":2},"end":{"line":18,"column":null}},{"start":{},"end":{}}],"line":18},"2":{"loc":{"start":{"line":28,"column":9},"end":{"line":28,"column":null}},"type":"binary-expr","locations":[{"start":{"line":28,"column":9},"end":{"line":28,"column":27}},{"start":{"line":28,"column":27},"end":{"line":28,"column":null}}],"line":28}},"s":{"0":8,"1":5,"2":5,"3":0,"4":5,"5":0,"6":5,"7":5,"8":5,"9":5,"10":0,"11":0,"12":5},"f":{"0":5,"1":5,"2":0,"3":0,"4":5},"b":{"0":[0,5],"1":[0,5],"2":[5,0]},"meta":{"lastBranch":3,"lastFunction":5,"lastStatement":13,"seen":{"s:14:13:20:Infinity":0,"f:14:41:14:53":0,"s:15:16:15:32":1,"b:17:2:17:Infinity:undefined:undefined:undefined:undefined":0,"s:17:2:17:Infinity":2,"s:17:44:17:Infinity":3,"b:18:2:18:Infinity:undefined:undefined:undefined:undefined":1,"s:18:2:18:Infinity":4,"s:18:45:18:Infinity":5,"s:19:2:19:Infinity":6,"f:22:9:22:20":1,"s:23:20:23:Infinity":7,"s:24:38:27:Infinity":8,"s:28:2:28:Infinity":9,"b:28:9:28:27:28:27:28:Infinity":2,"f:31:9:31:17":2,"s:32:2:53:Infinity":10,"f:59:9:59:18":3,"s:60:2:89:Infinity":11,"f:95:9:95:17":4,"s:96:2:130:Infinity":12}}}
,"/Users/jvalin/dev/st5/green_leaf/judgement/frontend/src/components/common/Modal.tsx": {"path":"/Users/jvalin/dev/st5/green_leaf/judgement/frontend/src/components/common/Modal.tsx","statementMap":{"0":{"start":{"line":12,"column":2},"end":{"line":21,"column":null}},"1":{"start":{"line":14,"column":6},"end":{"line":15,"column":null}},"2":{"start":{"line":15,"column":8},"end":{"line":15,"column":null}},"3":{"start":{"line":19,"column":4},"end":{"line":19,"column":null}},"4":{"start":{"line":20,"column":4},"end":{"line":20,"column":null}},"5":{"start":{"line":20,"column":17},"end":{"line":20,"column":70}},"6":{"start":{"line":23,"column":2},"end":{"line":38,"column":null}},"7":{"start":{"line":43,"column":2},"end":{"line":43,"column":null}}},"fnMap":{"0":{"name":"Modal","decl":{"start":{"line":11,"column":16},"end":{"line":11,"column":22}},"loc":{"start":{"line":11,"column":64},"end":{"line":38,"column":null}},"line":11},"1":{"name":"(anonymous_1)","decl":{"start":{"line":12,"column":2},"end":{"line":12,"column":18}},"loc":{"start":{"line":12,"column":18},"end":{"line":21,"column":6}},"line":12},"2":{"name":"handleEscape","decl":{"start":{"line":13,"column":13},"end":{"line":13,"column":26}},"loc":{"start":{"line":13,"column":48},"end":{"line":15,"column":null}},"line":13},"3":{"name":"(anonymous_3)","decl":{"start":{"line":20,"column":4},"end":{"line":20,"column":17}},"loc":{"start":{"line":20,"column":17},"end":{"line":20,"column":70}},"line":20},"4":{"name":"stopPropagation","decl":{"start":{"line":42,"column":9},"end":{"line":42,"column":25}},"loc":{"start":{"line":42,"column":50},"end":{"line":43,"column":null}},"line":42}},"branchMap":{"0":{"loc":{"start":{"line":14,"column":6},"end":{"line":15,"column":null}},"type":"if","locations":[{"start":{"line":14,"column":6},"end":{"line":15,"column":null}},{"start":{},"end":{}}],"line":14},"1":{"loc":{"start":{"line":14,"column":10},"end":{"line":14,"column":45}},"type":"binary-expr","locations":[{"start":{"line":14,"column":10},"end":{"line":14,"column":36}},{"start":{"line":14,"column":36},"end":{"line":14,"column":45}}],"line":14},"2":{"loc":{"start":{"line":28,"column":11},"end":{"line":31,"column":null}},"type":"binary-expr","locations":[{"start":{"line":28,"column":11},"end":{"line":28,"column":null}},{"start":{"line":29,"column":12},"end":{"line":31,"column":null}}],"line":28}},"s":{"0":22,"1":2,"2":1,"3":21,"4":21,"5":21,"6":22,"7":3},"f":{"0":22,"1":21,"2":2,"3":21,"4":3},"b":{"0":[1,1],"1":[2,2],"2":[22,18]},"meta":{"lastBranch":3,"lastFunction":5,"lastStatement":8,"seen":{"f:11:16:11:22":0,"s:12:2:21:Infinity":0,"f:12:2:12:18":1,"f:13:13:13:26":2,"b:14:6:15:Infinity:undefined:undefined:undefined:undefined":0,"s:14:6:15:Infinity":1,"b:14:10:14:36:14:36:14:45":1,"s:15:8:15:Infinity":2,"s:19:4:19:Infinity":3,"s:20:4:20:Infinity":4,"f:20:4:20:17":3,"s:20:17:20:70":5,"s:23:2:38:Infinity":6,"b:28:11:28:Infinity:29:12:31:Infinity":2,"f:42:9:42:25":4,"s:43:2:43:Infinity":7}}}
,"/Users/jvalin/dev/st5/green_leaf/judgement/frontend/src/components/common/SettingsModal.tsx": {"path":"/Users/jvalin/dev/st5/green_leaf/judgement/frontend/src/components/common/SettingsModal.tsx","statementMap":{"0":{"start":{"line":35,"column":44},"end":{"line":45,"column":null}},"1":{"start":{"line":47,"column":42},"end":{"line":58,"column":null}},"2":{"start":{"line":60,"column":50},"end":{"line":64,"column":null}},"3":{"start":{"line":67,"column":54},"end":{"line":67,"column":92}},"4":{"start":{"line":69,"column":2},"end":{"line":78,"column":null}},"5":{"start":{"line":90,"column":2},"end":{"line":107,"column":null}},"6":{"start":{"line":95,"column":30},"end":{"line":98,"column":37}},"7":{"start":{"line":100,"column":10},"end":{"line":104,"column":null}},"8":{"start":{"line":101,"column":69},"end":{"line":101,"column":85}},"9":{"start":{"line":113,"column":22},"end":{"line":113,"column":null}},"10":{"start":{"line":114,"column":23},"end":{"line":115,"column":30}},"11":{"start":{"line":117,"column":2},"end":{"line":120,"column":null}},"12":{"start":{"line":132,"column":2},"end":{"line":156,"column":null}},"13":{"start":{"line":137,"column":30},"end":{"line":140,"column":37}},"14":{"start":{"line":142,"column":30},"end":{"line":142,"column":null}},"15":{"start":{"line":144,"column":10},"end":{"line":153,"column":null}},"16":{"start":{"line":145,"column":68},"end":{"line":145,"column":83}},"17":{"start":{"line":169,"column":2},"end":{"line":185,"column":null}},"18":{"start":{"line":174,"column":30},"end":{"line":177,"column":37}},"19":{"start":{"line":179,"column":10},"end":{"line":182,"column":null}},"20":{"start":{"line":180,"column":68},"end":{"line":180,"column":83}},"21":{"start":{"line":193,"column":18},"end":{"line":193,"column":75}},"22":{"start":{"line":194,"column":22},"end":{"line":194,"column":95}},"23":{"start":{"line":195,"column":25},"end":{"line":195,"column":105}},"24":{"start":{"line":196,"column":18},"end":{"line":196,"column":44}},"25":{"start":{"line":198,"column":2},"end":{"line":200,"column":null}},"26":{"start":{"line":199,"column":4},"end":{"line":199,"column":null}},"27":{"start":{"line":202,"column":22},"end":{"line":211,"column":null}},"28":{"start":{"line":203,"column":4},"end":{"line":203,"column":null}},"29":{"start":{"line":204,"column":4},"end":{"line":204,"column":null}},"30":{"start":{"line":205,"column":4},"end":{"line":211,"column":null}},"31":{"start":{"line":206,"column":21},"end":{"line":206,"column":38}},"32":{"start":{"line":207,"column":6},"end":{"line":207,"column":null}},"33":{"start":{"line":208,"column":6},"end":{"line":208,"column":null}},"34":{"start":{"line":210,"column":6},"end":{"line":210,"column":null}},"35":{"start":{"line":211,"column":6},"end":{"line":211,"column":null}},"36":{"start":{"line":215,"column":25},"end":{"line":228,"column":null}},"37":{"start":{"line":216,"column":4},"end":{"line":216,"column":null}},"38":{"start":{"line":217,"column":4},"end":{"line":217,"column":null}},"39":{"start":{"line":218,"column":4},"end":{"line":228,"column":null}},"40":{"start":{"line":219,"column":21},"end":{"line":219,"column":50}},"41":{"start":{"line":220,"column":6},"end":{"line":220,"column":null}},"42":{"start":{"line":221,"column":6},"end":{"line":221,"column":null}},"43":{"start":{"line":222,"column":6},"end":{"line":224,"column":null}},"44":{"start":{"line":224,"column":8},"end":{"line":224,"column":null}},"45":{"start":{"line":227,"column":6},"end":{"line":227,"column":null}},"46":{"start":{"line":228,"column":6},"end":{"line":228,"column":null}},"47":{"start":{"line":232,"column":2},"end":{"line":269,"column":null}},"48":{"start":{"line":301,"column":23},"end":{"line":301,"column":null}},"49":{"start":{"line":304,"column":17},"end":{"line":304,"column":60}},"50":{"start":{"line":305,"column":18},"end":{"line":305,"column":66}},"51":{"start":{"line":306,"column":21},"end":{"line":306,"column":80}},"52":{"start":{"line":307,"column":23},"end":{"line":307,"column":85}},"53":{"start":{"line":308,"column":18},"end":{"line":308,"column":44}},"54":{"start":{"line":310,"column":2},"end":{"line":312,"column":null}},"55":{"start":{"line":311,"column":4},"end":{"line":311,"column":null}},"56":{"start":{"line":315,"column":2},"end":{"line":359,"column":null}},"57":{"start":{"line":316,"column":4},"end":{"line":316,"column":null}},"58":{"start":{"line":316,"column":31},"end":{"line":316,"column":null}},"59":{"start":{"line":318,"column":20},"end":{"line":318,"column":null}},"60":{"start":{"line":319,"column":17},"end":{"line":345,"column":null}},"61":{"start":{"line":320,"column":6},"end":{"line":345,"column":null}},"62":{"start":{"line":321,"column":23},"end":{"line":321,"column":46}},"63":{"start":{"line":322,"column":8},"end":{"line":322,"column":null}},"64":{"start":{"line":322,"column":23},"end":{"line":322,"column":null}},"65":{"start":{"line":323,"column":8},"end":{"line":323,"column":null}},"66":{"start":{"line":325,"column":8},"end":{"line":343,"column":null}},"67":{"start":{"line":326,"column":10},"end":{"line":326,"column":null}},"68":{"start":{"line":327,"column":10},"end":{"line":327,"column":null}},"69":{"start":{"line":331,"column":10},"end":{"line":336,"column":null}},"70":{"start":{"line":332,"column":12},"end":{"line":336,"column":null}},"71":{"start":{"line":333,"column":14},"end":{"line":335,"column":null}},"72":{"start":{"line":338,"column":19},"end":{"line":343,"column":null}},"73":{"start":{"line":339,"column":10},"end":{"line":339,"column":null}},"74":{"start":{"line":340,"column":10},"end":{"line":340,"column":null}},"75":{"start":{"line":341,"column":19},"end":{"line":343,"column":null}},"76":{"start":{"line":342,"column":10},"end":{"line":342,"column":null}},"77":{"start":{"line":343,"column":10},"end":{"line":343,"column":null}},"78":{"start":{"line":353,"column":4},"end":{"line":353,"column":null}},"79":{"start":{"line":354,"column":19},"end":{"line":354,"column":59}},"80":{"start":{"line":355,"column":4},"end":{"line":357,"column":null}},"81":{"start":{"line":356,"column":6},"end":{"line":356,"column":null}},"82":{"start":{"line":357,"column":6},"end":{"line":357,"column":null}},"83":{"start":{"line":361,"column":22},"end":{"line":381,"column":null}},"84":{"start":{"line":362,"column":4},"end":{"line":362,"column":null}},"85":{"start":{"line":363,"column":4},"end":{"line":363,"column":null}},"86":{"start":{"line":364,"column":4},"end":{"line":381,"column":null}},"87":{"start":{"line":365,"column":21},"end":{"line":365,"column":43}},"88":{"start":{"line":366,"column":6},"end":{"line":366,"column":null}},"89":{"start":{"line":367,"column":6},"end":{"line":377,"column":null}},"90":{"start":{"line":368,"column":8},"end":{"line":368,"column":null}},"91":{"start":{"line":369,"column":8},"end":{"line":369,"column":null}},"92":{"start":{"line":370,"column":17},"end":{"line":377,"column":null}},"93":{"start":{"line":371,"column":8},"end":{"line":371,"column":null}},"94":{"start":{"line":372,"column":17},"end":{"line":377,"column":null}},"95":{"start":{"line":373,"column":8},"end":{"line":373,"column":null}},"96":{"start":{"line":374,"column":8},"end":{"line":374,"column":null}},"97":{"start":{"line":376,"column":8},"end":{"line":376,"column":null}},"98":{"start":{"line":377,"column":8},"end":{"line":377,"column":null}},"99":{"start":{"line":380,"column":6},"end":{"line":380,"column":null}},"100":{"start":{"line":381,"column":6},"end":{"line":381,"column":null}},"101":{"start":{"line":385,"column":23},"end":{"line":397,"column":null}},"102":{"start":{"line":386,"column":4},"end":{"line":386,"column":null}},"103":{"start":{"line":387,"column":4},"end":{"line":387,"column":null}},"104":{"start":{"line":388,"column":4},"end":{"line":388,"column":null}},"105":{"start":{"line":389,"column":4},"end":{"line":397,"column":null}},"106":{"start":{"line":390,"column":21},"end":{"line":390,"column":40}},"107":{"start":{"line":391,"column":6},"end":{"line":393,"column":null}},"108":{"start":{"line":392,"column":8},"end":{"line":392,"column":null}},"109":{"start":{"line":393,"column":8},"end":{"line":393,"column":null}},"110":{"start":{"line":396,"column":6},"end":{"line":396,"column":null}},"111":{"start":{"line":397,"column":6},"end":{"line":397,"column":null}},"112":{"start":{"line":401,"column":22},"end":{"line":409,"column":null}},"113":{"start":{"line":411,"column":21},"end":{"line":411,"column":null}},"114":{"start":{"line":413,"column":8},"end":{"line":417,"column":null}},"115":{"start":{"line":414,"column":4},"end":{"line":417,"column":null}},"116":{"start":{"line":415,"column":6},"end":{"line":415,"column":null}},"117":{"start":{"line":417,"column":6},"end":{"line":417,"column":null}},"118":{"start":{"line":421,"column":2},"end":{"line":459,"column":null}},"119":{"start":{"line":468,"column":70},"end":{"line":478,"column":null}}},"fnMap":{"0":{"name":"SettingsModal","decl":{"start":{"line":66,"column":16},"end":{"line":66,"column":30}},"loc":{"start":{"line":66,"column":63},"end":{"line":78,"column":null}},"line":66},"1":{"name":"CardBackPicker","decl":{"start":{"line":89,"column":9},"end":{"line":89,"column":24}},"loc":{"start":{"line":89,"column":69},"end":{"line":107,"column":null}},"line":89},"2":{"name":"(anonymous_2)","decl":{"start":{"line":94,"column":27},"end":{"line":94,"column":32}},"loc":{"start":{"line":94,"column":43},"end":{"line":104,"column":null}},"line":94},"3":{"name":"(anonymous_3)","decl":{"start":{"line":101,"column":54},"end":{"line":101,"column":69}},"loc":{"start":{"line":101,"column":69},"end":{"line":101,"column":85}},"line":101},"4":{"name":"CardBackMiniPreview","decl":{"start":{"line":112,"column":9},"end":{"line":112,"column":29}},"loc":{"start":{"line":112,"column":69},"end":{"line":120,"column":null}},"line":112},"5":{"name":"TableColorPicker","decl":{"start":{"line":131,"column":9},"end":{"line":131,"column":26}},"loc":{"start":{"line":131,"column":73},"end":{"line":156,"column":null}},"line":131},"6":{"name":"(anonymous_6)","decl":{"start":{"line":136,"column":29},"end":{"line":136,"column":34}},"loc":{"start":{"line":136,"column":44},"end":{"line":153,"column":null}},"line":136},"7":{"name":"(anonymous_7)","decl":{"start":{"line":145,"column":53},"end":{"line":145,"column":68}},"loc":{"start":{"line":145,"column":68},"end":{"line":145,"column":83}},"line":145},"8":{"name":"AnimationSpeedPicker","decl":{"start":{"line":168,"column":9},"end":{"line":168,"column":30}},"loc":{"start":{"line":168,"column":81},"end":{"line":185,"column":null}},"line":168},"9":{"name":"(anonymous_9)","decl":{"start":{"line":173,"column":33},"end":{"line":173,"column":38}},"loc":{"start":{"line":173,"column":48},"end":{"line":182,"column":null}},"line":173},"10":{"name":"(anonymous_10)","decl":{"start":{"line":180,"column":53},"end":{"line":180,"column":68}},"loc":{"start":{"line":180,"column":68},"end":{"line":180,"column":83}},"line":180},"11":{"name":"CommunityDataSection","decl":{"start":{"line":192,"column":9},"end":{"line":192,"column":32}},"loc":{"start":{"line":192,"column":32},"end":{"line":269,"column":null}},"line":192},"12":{"name":"(anonymous_12)","decl":{"start":{"line":198,"column":2},"end":{"line":198,"column":18}},"loc":{"start":{"line":198,"column":18},"end":{"line":200,"column":7}},"line":198},"13":{"name":"(anonymous_13)","decl":{"start":{"line":199,"column":39},"end":{"line":199,"column":51}},"loc":{"start":{"line":199,"column":51},"end":{"line":199,"column":54}},"line":199},"14":{"name":"(anonymous_14)","decl":{"start":{"line":202,"column":22},"end":{"line":202,"column":34}},"loc":{"start":{"line":202,"column":34},"end":{"line":211,"column":null}},"line":202},"15":{"name":"(anonymous_15)","decl":{"start":{"line":215,"column":25},"end":{"line":215,"column":37}},"loc":{"start":{"line":215,"column":37},"end":{"line":228,"column":null}},"line":215},"16":{"name":"(anonymous_16)","decl":{"start":{"line":224,"column":43},"end":{"line":224,"column":55}},"loc":{"start":{"line":224,"column":55},"end":{"line":224,"column":58}},"line":224},"17":{"name":"UpdateSection","decl":{"start":{"line":303,"column":9},"end":{"line":303,"column":25}},"loc":{"start":{"line":303,"column":25},"end":{"line":459,"column":null}},"line":303},"18":{"name":"(anonymous_18)","decl":{"start":{"line":310,"column":2},"end":{"line":310,"column":18}},"loc":{"start":{"line":310,"column":18},"end":{"line":312,"column":7}},"line":310},"19":{"name":"(anonymous_19)","decl":{"start":{"line":311,"column":34},"end":{"line":311,"column":46}},"loc":{"start":{"line":311,"column":46},"end":{"line":311,"column":49}},"line":311},"20":{"name":"(anonymous_20)","decl":{"start":{"line":315,"column":2},"end":{"line":315,"column":18}},"loc":{"start":{"line":315,"column":18},"end":{"line":359,"column":6}},"line":315},"21":{"name":"(anonymous_21)","decl":{"start":{"line":319,"column":17},"end":{"line":319,"column":29}},"loc":{"start":{"line":319,"column":29},"end":{"line":345,"column":null}},"line":319},"22":{"name":"(anonymous_22)","decl":{"start":{"line":332,"column":12},"end":{"line":332,"column":24}},"loc":{"start":{"line":333,"column":14},"end":{"line":335,"column":null}},"line":333},"23":{"name":"(anonymous_23)","decl":{"start":{"line":355,"column":4},"end":{"line":355,"column":17}},"loc":{"start":{"line":355,"column":17},"end":{"line":357,"column":null}},"line":355},"24":{"name":"(anonymous_24)","decl":{"start":{"line":361,"column":22},"end":{"line":361,"column":34}},"loc":{"start":{"line":361,"column":34},"end":{"line":381,"column":null}},"line":361},"25":{"name":"(anonymous_25)","decl":{"start":{"line":385,"column":23},"end":{"line":385,"column":35}},"loc":{"start":{"line":385,"column":35},"end":{"line":397,"column":null}},"line":385},"26":{"name":"(anonymous_26)","decl":{"start":{"line":413,"column":8},"end":{"line":413,"column":28}},"loc":{"start":{"line":413,"column":28},"end":{"line":417,"column":null}},"line":413}},"branchMap":{"0":{"loc":{"start":{"line":97,"column":12},"end":{"line":97,"column":null}},"type":"cond-expr","locations":[{"start":{"line":97,"column":34},"end":{"line":97,"column":52}},{"start":{"line":97,"column":52},"end":{"line":97,"column":null}}],"line":97},"1":{"loc":{"start":{"line":139,"column":12},"end":{"line":139,"column":null}},"type":"cond-expr","locations":[{"start":{"line":139,"column":33},"end":{"line":139,"column":51}},{"start":{"line":139,"column":51},"end":{"line":139,"column":null}}],"line":139},"2":{"loc":{"start":{"line":176,"column":12},"end":{"line":176,"column":null}},"type":"cond-expr","locations":[{"start":{"line":176,"column":33},"end":{"line":176,"column":51}},{"start":{"line":176,"column":51},"end":{"line":176,"column":null}}],"line":176},"3":{"loc":{"start":{"line":207,"column":21},"end":{"line":207,"column":55}},"type":"cond-expr","locations":[{"start":{"line":207,"column":38},"end":{"line":207,"column":47}},{"start":{"line":207,"column":47},"end":{"line":207,"column":55}}],"line":207},"4":{"loc":{"start":{"line":220,"column":24},"end":{"line":220,"column":58}},"type":"cond-expr","locations":[{"start":{"line":220,"column":41},"end":{"line":220,"column":50}},{"start":{"line":220,"column":50},"end":{"line":220,"column":58}}],"line":220},"5":{"loc":{"start":{"line":222,"column":6},"end":{"line":224,"column":null}},"type":"if","locations":[{"start":{"line":222,"column":6},"end":{"line":224,"column":null}},{"start":{},"end":{}}],"line":222},"6":{"loc":{"start":{"line":235,"column":7},"end":{"line":237,"column":null}},"type":"binary-expr","locations":[{"start":{"line":235,"column":7},"end":{"line":235,"column":null}},{"start":{"line":236,"column":8},"end":{"line":237,"column":null}}],"line":235},"7":{"loc":{"start":{"line":244,"column":20},"end":{"line":244,"column":null}},"type":"binary-expr","locations":[{"start":{"line":244,"column":20},"end":{"line":244,"column":49}},{"start":{"line":244,"column":49},"end":{"line":244,"column":61}},{"start":{"line":244,"column":61},"end":{"line":244,"column":null}}],"line":244},"8":{"loc":{"start":{"line":247,"column":11},"end":{"line":247,"column":null}},"type":"cond-expr","locations":[{"start":{"line":247,"column":39},"end":{"line":247,"column":54}},{"start":{"line":247,"column":54},"end":{"line":247,"column":null}}],"line":247},"9":{"loc":{"start":{"line":247,"column":54},"end":{"line":247,"column":null}},"type":"cond-expr","locations":[{"start":{"line":247,"column":79},"end":{"line":247,"column":91}},{"start":{"line":247,"column":91},"end":{"line":247,"column":null}}],"line":247},"10":{"loc":{"start":{"line":255,"column":11},"end":{"line":255,"column":null}},"type":"cond-expr","locations":[{"start":{"line":255,"column":46},"end":{"line":255,"column":65}},{"start":{"line":255,"column":65},"end":{"line":255,"column":null}}],"line":255},"11":{"loc":{"start":{"line":255,"column":65},"end":{"line":255,"column":null}},"type":"cond-expr","locations":[{"start":{"line":255,"column":93},"end":{"line":255,"column":109}},{"start":{"line":255,"column":109},"end":{"line":255,"column":null}}],"line":255},"12":{"loc":{"start":{"line":258,"column":7},"end":{"line":265,"column":null}},"type":"binary-expr","locations":[{"start":{"line":258,"column":7},"end":{"line":258,"column":null}},{"start":{"line":259,"column":8},"end":{"line":265,"column":null}}],"line":258},"13":{"loc":{"start":{"line":260,"column":18},"end":{"line":262,"column":null}},"type":"cond-expr","locations":[{"start":{"line":261,"column":14},"end":{"line":261,"column":null}},{"start":{"line":262,"column":14},"end":{"line":262,"column":null}}],"line":260},"14":{"loc":{"start":{"line":260,"column":18},"end":{"line":260,"column":null}},"type":"binary-expr","locations":[{"start":{"line":260,"column":18},"end":{"line":260,"column":45}},{"start":{"line":260,"column":45},"end":{"line":260,"column":null}}],"line":260},"15":{"loc":{"start":{"line":316,"column":4},"end":{"line":316,"column":null}},"type":"if","locations":[{"start":{"line":316,"column":4},"end":{"line":316,"column":null}},{"start":{},"end":{}}],"line":316},"16":{"loc":{"start":{"line":322,"column":8},"end":{"line":322,"column":null}},"type":"if","locations":[{"start":{"line":322,"column":8},"end":{"line":322,"column":null}},{"start":{},"end":{}}],"line":322},"17":{"loc":{"start":{"line":325,"column":8},"end":{"line":343,"column":null}},"type":"if","locations":[{"start":{"line":325,"column":8},"end":{"line":343,"column":null}},{"start":{"line":338,"column":19},"end":{"line":343,"column":null}}],"line":325},"18":{"loc":{"start":{"line":331,"column":10},"end":{"line":336,"column":null}},"type":"if","locations":[{"start":{"line":331,"column":10},"end":{"line":336,"column":null}},{"start":{},"end":{}}],"line":331},"19":{"loc":{"start":{"line":333,"column":14},"end":{"line":335,"column":null}},"type":"cond-expr","locations":[{"start":{"line":334,"column":18},"end":{"line":334,"column":null}},{"start":{"line":335,"column":18},"end":{"line":335,"column":null}}],"line":333},"20":{"loc":{"start":{"line":338,"column":19},"end":{"line":343,"column":null}},"type":"if","locations":[{"start":{"line":338,"column":19},"end":{"line":343,"column":null}},{"start":{"line":341,"column":19},"end":{"line":343,"column":null}}],"line":338},"21":{"loc":{"start":{"line":341,"column":19},"end":{"line":343,"column":null}},"type":"if","locations":[{"start":{"line":341,"column":19},"end":{"line":343,"column":null}},{"start":{},"end":{}}],"line":341},"22":{"loc":{"start":{"line":367,"column":6},"end":{"line":377,"column":null}},"type":"if","locations":[{"start":{"line":367,"column":6},"end":{"line":377,"column":null}},{"start":{"line":370,"column":17},"end":{"line":377,"column":null}}],"line":367},"23":{"loc":{"start":{"line":370,"column":17},"end":{"line":377,"column":null}},"type":"if","locations":[{"start":{"line":370,"column":17},"end":{"line":377,"column":null}},{"start":{"line":372,"column":17},"end":{"line":377,"column":null}}],"line":370},"24":{"loc":{"start":{"line":372,"column":17},"end":{"line":377,"column":null}},"type":"if","locations":[{"start":{"line":372,"column":17},"end":{"line":377,"column":null}},{"start":{"line":375,"column":13},"end":{"line":377,"column":null}}],"line":372},"25":{"loc":{"start":{"line":391,"column":6},"end":{"line":393,"column":null}},"type":"if","locations":[{"start":{"line":391,"column":6},"end":{"line":393,"column":null}},{"start":{},"end":{}}],"line":391},"26":{"loc":{"start":{"line":411,"column":21},"end":{"line":411,"column":null}},"type":"binary-expr","locations":[{"start":{"line":411,"column":21},"end":{"line":411,"column":46}},{"start":{"line":411,"column":46},"end":{"line":411,"column":71}},{"start":{"line":411,"column":71},"end":{"line":411,"column":null}}],"line":411},"27":{"loc":{"start":{"line":414,"column":4},"end":{"line":417,"column":null}},"type":"if","locations":[{"start":{"line":414,"column":4},"end":{"line":417,"column":null}},{"start":{"line":416,"column":11},"end":{"line":417,"column":null}}],"line":414},"28":{"loc":{"start":{"line":431,"column":7},"end":{"line":434,"column":null}},"type":"binary-expr","locations":[{"start":{"line":431,"column":7},"end":{"line":431,"column":null}},{"start":{"line":432,"column":8},"end":{"line":434,"column":null}}],"line":431},"29":{"loc":{"start":{"line":433,"column":11},"end":{"line":433,"column":null}},"type":"binary-expr","locations":[{"start":{"line":433,"column":11},"end":{"line":433,"column":22}},{"start":{"line":433,"column":22},"end":{"line":433,"column":null}}],"line":433},"30":{"loc":{"start":{"line":436,"column":7},"end":{"line":439,"column":null}},"type":"binary-expr","locations":[{"start":{"line":436,"column":7},"end":{"line":436,"column":40}},{"start":{"line":436,"column":40},"end":{"line":436,"column":null}},{"start":{"line":437,"column":8},"end":{"line":439,"column":null}}],"line":436},"31":{"loc":{"start":{"line":439,"column":11},"end":{"line":439,"column":null}},"type":"binary-expr","locations":[{"start":{"line":439,"column":11},"end":{"line":439,"column":40}},{"start":{"line":439,"column":40},"end":{"line":439,"column":null}}],"line":439},"32":{"loc":{"start":{"line":442,"column":7},"end":{"line":445,"column":null}},"type":"binary-expr","locations":[{"start":{"line":442,"column":7},"end":{"line":442,"column":null}},{"start":{"line":443,"column":8},"end":{"line":445,"column":null}}],"line":442},"33":{"loc":{"start":{"line":447,"column":7},"end":{"line":449,"column":null}},"type":"binary-expr","locations":[{"start":{"line":447,"column":7},"end":{"line":447,"column":31}},{"start":{"line":447,"column":31},"end":{"line":447,"column":null}},{"start":{"line":448,"column":8},"end":{"line":449,"column":null}}],"line":447},"34":{"loc":{"start":{"line":452,"column":7},"end":{"line":455,"column":null}},"type":"binary-expr","locations":[{"start":{"line":452,"column":7},"end":{"line":452,"column":29}},{"start":{"line":452,"column":29},"end":{"line":452,"column":null}},{"start":{"line":453,"column":8},"end":{"line":455,"column":null}}],"line":452},"35":{"loc":{"start":{"line":457,"column":7},"end":{"line":459,"column":null}},"type":"binary-expr","locations":[{"start":{"line":457,"column":7},"end":{"line":457,"column":null}},{"start":{"line":458,"column":8},"end":{"line":459,"column":null}}],"line":457},"36":{"loc":{"start":{"line":459,"column":37},"end":{"line":459,"column":null}},"type":"cond-expr","locations":[{"start":{"line":459,"column":58},"end":{"line":459,"column":107}},{"start":{"line":459,"column":107},"end":{"line":459,"column":null}}],"line":459},"37":{"loc":{"start":{"line":469,"column":33},"end":{"line":469,"column":null}},"type":"binary-expr","locations":[{"start":{"line":469,"column":33},"end":{"line":469,"column":63}},{"start":{"line":469,"column":63},"end":{"line":469,"column":null}}],"line":469},"38":{"loc":{"start":{"line":470,"column":33},"end":{"line":470,"column":null}},"type":"binary-expr","locations":[{"start":{"line":470,"column":33},"end":{"line":470,"column":63}},{"start":{"line":470,"column":63},"end":{"line":470,"column":null}}],"line":470},"39":{"loc":{"start":{"line":471,"column":32},"end":{"line":471,"column":null}},"type":"binary-expr","locations":[{"start":{"line":471,"column":32},"end":{"line":471,"column":61}},{"start":{"line":471,"column":61},"end":{"line":471,"column":null}}],"line":471},"40":{"loc":{"start":{"line":472,"column":32},"end":{"line":472,"column":null}},"type":"binary-expr","locations":[{"start":{"line":472,"column":32},"end":{"line":472,"column":61}},{"start":{"line":472,"column":61},"end":{"line":472,"column":null}}],"line":472},"41":{"loc":{"start":{"line":473,"column":28},"end":{"line":473,"column":null}},"type":"binary-expr","locations":[{"start":{"line":473,"column":28},"end":{"line":473,"column":53}},{"start":{"line":473,"column":53},"end":{"line":473,"column":null}}],"line":473},"42":{"loc":{"start":{"line":474,"column":35},"end":{"line":474,"column":null}},"type":"binary-expr","locations":[{"start":{"line":474,"column":35},"end":{"line":474,"column":67}},{"start":{"line":474,"column":67},"end":{"line":474,"column":null}}],"line":474},"43":{"loc":{"start":{"line":475,"column":35},"end":{"line":475,"column":null}},"type":"binary-expr","locations":[{"start":{"line":475,"column":35},"end":{"line":475,"column":67}},{"start":{"line":475,"column":67},"end":{"line":475,"column":null}}],"line":475},"44":{"loc":{"start":{"line":476,"column":32},"end":{"line":476,"column":null}},"type":"binary-expr","locations":[{"start":{"line":476,"column":32},"end":{"line":476,"column":61}},{"start":{"line":476,"column":61},"end":{"line":476,"column":null}}],"line":476},"45":{"loc":{"start":{"line":477,"column":29},"end":{"line":477,"column":null}},"type":"binary-expr","locations":[{"start":{"line":477,"column":29},"end":{"line":477,"column":56}},{"start":{"line":477,"column":56},"end":{"line":477,"column":null}}],"line":477}},"s":{"0":9,"1":9,"2":9,"3":13,"4":13,"5":13,"6":117,"7":117,"8":0,"9":117,"10":117,"11":117,"12":13,"13":130,"14":130,"15":130,"16":0,"17":13,"18":39,"19":39,"20":1,"21":13,"22":13,"23":13,"24":13,"25":13,"26":12,"27":13,"28":0,"29":0,"30":0,"31":0,"32":0,"33":0,"34":0,"35":0,"36":13,"37":0,"38":0,"39":0,"40":0,"41":0,"42":0,"43":0,"44":0,"45":0,"46":0,"47":13,"48":9,"49":13,"50":13,"51":13,"52":13,"53":13,"54":13,"55":12,"56":13,"57":12,"58":12,"59":0,"60":0,"61":0,"62":0,"63":0,"64":0,"65":0,"66":0,"67":0,"68":0,"69":0,"70":0,"71":0,"72":0,"73":0,"74":0,"75":0,"76":0,"77":0,"78":0,"79":0,"80":0,"81":0,"82":0,"83":13,"84":0,"85":0,"86":0,"87":0,"88":0,"89":0,"90":0,"91":0,"92":0,"93":0,"94":0,"95":0,"96":0,"97":0,"98":0,"99":0,"100":0,"101":13,"102":0,"103":0,"104":0,"105":0,"106":0,"107":0,"108":0,"109":0,"110":0,"111":0,"112":13,"113":13,"114":13,"115":0,"116":0,"117":0,"118":13,"119":9},"f":{"0":13,"1":13,"2":117,"3":0,"4":117,"5":13,"6":130,"7":0,"8":13,"9":39,"10":1,"11":13,"12":12,"13":0,"14":0,"15":0,"16":0,"17":13,"18":12,"19":0,"20":12,"21":0,"22":0,"23":0,"24":0,"25":0,"26":0},"b":{"0":[13,104],"1":[13,117],"2":[13,26],"3":[0,0],"4":[0,0],"5":[0,0],"6":[13,0],"7":[13,13,0],"8":[0,13],"9":[0,13],"10":[0,13],"11":[0,13],"12":[13,0],"13":[0,0],"14":[0,0],"15":[12,0],"16":[0,0],"17":[0,0],"18":[0,0],"19":[0,0],"20":[0,0],"21":[0,0],"22":[0,0],"23":[0,0],"24":[0,0],"25":[0,0],"26":[13,13,13],"27":[0,0],"28":[13,0],"29":[0,0],"30":[13,0,0],"31":[0,0],"32":[13,0],"33":[13,0,0],"34":[13,0,0],"35":[13,0],"36":[0,0],"37":[9,0],"38":[9,0],"39":[9,0],"40":[9,0],"41":[9,0],"42":[9,0],"43":[9,0],"44":[9,0],"45":[9,0]},"meta":{"lastBranch":46,"lastFunction":27,"lastStatement":120,"seen":{"s:35:44:45:Infinity":0,"s:47:42:58:Infinity":1,"s:60:50:64:Infinity":2,"f:66:16:66:30":0,"s:67:54:67:92":3,"s:69:2:78:Infinity":4,"f:89:9:89:24":1,"s:90:2:107:Infinity":5,"f:94:27:94:32":2,"s:95:30:98:37":6,"b:97:34:97:52:97:52:97:Infinity":0,"s:100:10:104:Infinity":7,"f:101:54:101:69":3,"s:101:69:101:85":8,"f:112:9:112:29":4,"s:113:22:113:Infinity":9,"s:114:23:115:30":10,"s:117:2:120:Infinity":11,"f:131:9:131:26":5,"s:132:2:156:Infinity":12,"f:136:29:136:34":6,"s:137:30:140:37":13,"b:139:33:139:51:139:51:139:Infinity":1,"s:142:30:142:Infinity":14,"s:144:10:153:Infinity":15,"f:145:53:145:68":7,"s:145:68:145:83":16,"f:168:9:168:30":8,"s:169:2:185:Infinity":17,"f:173:33:173:38":9,"s:174:30:177:37":18,"b:176:33:176:51:176:51:176:Infinity":2,"s:179:10:182:Infinity":19,"f:180:53:180:68":10,"s:180:68:180:83":20,"f:192:9:192:32":11,"s:193:18:193:75":21,"s:194:22:194:95":22,"s:195:25:195:105":23,"s:196:18:196:44":24,"s:198:2:200:Infinity":25,"f:198:2:198:18":12,"s:199:4:199:Infinity":26,"f:199:39:199:51":13,"s:202:22:211:Infinity":27,"f:202:22:202:34":14,"s:203:4:203:Infinity":28,"s:204:4:204:Infinity":29,"s:205:4:211:Infinity":30,"s:206:21:206:38":31,"s:207:6:207:Infinity":32,"b:207:38:207:47:207:47:207:55":3,"s:208:6:208:Infinity":33,"s:210:6:210:Infinity":34,"s:211:6:211:Infinity":35,"s:215:25:228:Infinity":36,"f:215:25:215:37":15,"s:216:4:216:Infinity":37,"s:217:4:217:Infinity":38,"s:218:4:228:Infinity":39,"s:219:21:219:50":40,"s:220:6:220:Infinity":41,"b:220:41:220:50:220:50:220:58":4,"s:221:6:221:Infinity":42,"b:222:6:224:Infinity:undefined:undefined:undefined:undefined":5,"s:222:6:224:Infinity":43,"s:224:8:224:Infinity":44,"f:224:43:224:55":16,"s:227:6:227:Infinity":45,"s:228:6:228:Infinity":46,"s:232:2:269:Infinity":47,"b:235:7:235:Infinity:236:8:237:Infinity":6,"b:244:20:244:49:244:49:244:61:244:61:244:Infinity":7,"b:247:39:247:54:247:54:247:Infinity":8,"b:247:79:247:91:247:91:247:Infinity":9,"b:255:46:255:65:255:65:255:Infinity":10,"b:255:93:255:109:255:109:255:Infinity":11,"b:258:7:258:Infinity:259:8:265:Infinity":12,"b:261:14:261:Infinity:262:14:262:Infinity":13,"b:260:18:260:45:260:45:260:Infinity":14,"s:301:23:301:Infinity":48,"f:303:9:303:25":17,"s:304:17:304:60":49,"s:305:18:305:66":50,"s:306:21:306:80":51,"s:307:23:307:85":52,"s:308:18:308:44":53,"s:310:2:312:Infinity":54,"f:310:2:310:18":18,"s:311:4:311:Infinity":55,"f:311:34:311:46":19,"s:315:2:359:Infinity":56,"f:315:2:315:18":20,"b:316:4:316:Infinity:undefined:undefined:undefined:undefined":15,"s:316:4:316:Infinity":57,"s:316:31:316:Infinity":58,"s:318:20:318:Infinity":59,"s:319:17:345:Infinity":60,"f:319:17:319:29":21,"s:320:6:345:Infinity":61,"s:321:23:321:46":62,"b:322:8:322:Infinity:undefined:undefined:undefined:undefined":16,"s:322:8:322:Infinity":63,"s:322:23:322:Infinity":64,"s:323:8:323:Infinity":65,"b:325:8:343:Infinity:338:19:343:Infinity":17,"s:325:8:343:Infinity":66,"s:326:10:326:Infinity":67,"s:327:10:327:Infinity":68,"b:331:10:336:Infinity:undefined:undefined:undefined:undefined":18,"s:331:10:336:Infinity":69,"s:332:12:336:Infinity":70,"f:332:12:332:24":22,"s:333:14:335:Infinity":71,"b:334:18:334:Infinity:335:18:335:Infinity":19,"b:338:19:343:Infinity:341:19:343:Infinity":20,"s:338:19:343:Infinity":72,"s:339:10:339:Infinity":73,"s:340:10:340:Infinity":74,"b:341:19:343:Infinity:undefined:undefined:undefined:undefined":21,"s:341:19:343:Infinity":75,"s:342:10:342:Infinity":76,"s:343:10:343:Infinity":77,"s:353:4:353:Infinity":78,"s:354:19:354:59":79,"s:355:4:357:Infinity":80,"f:355:4:355:17":23,"s:356:6:356:Infinity":81,"s:357:6:357:Infinity":82,"s:361:22:381:Infinity":83,"f:361:22:361:34":24,"s:362:4:362:Infinity":84,"s:363:4:363:Infinity":85,"s:364:4:381:Infinity":86,"s:365:21:365:43":87,"s:366:6:366:Infinity":88,"b:367:6:377:Infinity:370:17:377:Infinity":22,"s:367:6:377:Infinity":89,"s:368:8:368:Infinity":90,"s:369:8:369:Infinity":91,"b:370:17:377:Infinity:372:17:377:Infinity":23,"s:370:17:377:Infinity":92,"s:371:8:371:Infinity":93,"b:372:17:377:Infinity:375:13:377:Infinity":24,"s:372:17:377:Infinity":94,"s:373:8:373:Infinity":95,"s:374:8:374:Infinity":96,"s:376:8:376:Infinity":97,"s:377:8:377:Infinity":98,"s:380:6:380:Infinity":99,"s:381:6:381:Infinity":100,"s:385:23:397:Infinity":101,"f:385:23:385:35":25,"s:386:4:386:Infinity":102,"s:387:4:387:Infinity":103,"s:388:4:388:Infinity":104,"s:389:4:397:Infinity":105,"s:390:21:390:40":106,"b:391:6:393:Infinity:undefined:undefined:undefined:undefined":25,"s:391:6:393:Infinity":107,"s:392:8:392:Infinity":108,"s:393:8:393:Infinity":109,"s:396:6:396:Infinity":110,"s:397:6:397:Infinity":111,"s:401:22:409:Infinity":112,"s:411:21:411:Infinity":113,"b:411:21:411:46:411:46:411:71:411:71:411:Infinity":26,"s:413:8:417:Infinity":114,"f:413:8:413:28":26,"b:414:4:417:Infinity:416:11:417:Infinity":27,"s:414:4:417:Infinity":115,"s:415:6:415:Infinity":116,"s:417:6:417:Infinity":117,"s:421:2:459:Infinity":118,"b:431:7:431:Infinity:432:8:434:Infinity":28,"b:433:11:433:22:433:22:433:Infinity":29,"b:436:7:436:40:436:40:436:Infinity:437:8:439:Infinity":30,"b:439:11:439:40:439:40:439:Infinity":31,"b:442:7:442:Infinity:443:8:445:Infinity":32,"b:447:7:447:31:447:31:447:Infinity:448:8:449:Infinity":33,"b:452:7:452:29:452:29:452:Infinity:453:8:455:Infinity":34,"b:457:7:457:Infinity:458:8:459:Infinity":35,"b:459:58:459:107:459:107:459:Infinity":36,"s:468:70:478:Infinity":119,"b:469:33:469:63:469:63:469:Infinity":37,"b:470:33:470:63:470:63:470:Infinity":38,"b:471:32:471:61:471:61:471:Infinity":39,"b:472:32:472:61:472:61:472:Infinity":40,"b:473:28:473:53:473:53:473:Infinity":41,"b:474:35:474:67:474:67:474:Infinity":42,"b:475:35:475:67:475:67:475:Infinity":43,"b:476:32:476:61:476:61:476:Infinity":44,"b:477:29:477:56:477:56:477:Infinity":45}}}
,"/Users/jvalin/dev/st5/green_leaf/judgement/frontend/src/components/common/SuitIcon.tsx": {"path":"/Users/jvalin/dev/st5/green_leaf/judgement/frontend/src/components/common/SuitIcon.tsx","statementMap":{"0":{"start":{"line":9,"column":17},"end":{"line":13,"column":null}},"1":{"start":{"line":16,"column":2},"end":{"line":22,"column":null}}},"fnMap":{"0":{"name":"SuitIcon","decl":{"start":{"line":15,"column":16},"end":{"line":15,"column":25}},"loc":{"start":{"line":15,"column":63},"end":{"line":22,"column":null}},"line":15}},"branchMap":{"0":{"loc":{"start":{"line":15,"column":33},"end":{"line":15,"column":63}},"type":"default-arg","locations":[{"start":{"line":15,"column":40},"end":{"line":15,"column":63}}],"line":15}},"s":{"0":8,"1":12},"f":{"0":12},"b":{"0":[12]},"meta":{"lastBranch":1,"lastFunction":1,"lastStatement":2,"seen":{"s:9:17:13:Infinity":0,"f:15:16:15:25":0,"b:15:40:15:63":0,"s:16:2:22:Infinity":1}}}
,"/Users/jvalin/dev/st5/green_leaf/judgement/frontend/src/components/common/SuitSvg.tsx": {"path":"/Users/jvalin/dev/st5/green_leaf/judgement/frontend/src/components/common/SuitSvg.tsx","statementMap":{"0":{"start":{"line":11,"column":13},"end":{"line":24,"column":null}},"1":{"start":{"line":12,"column":2},"end":{"line":22,"column":null}},"2":{"start":{"line":27,"column":2},"end":{"line":69,"column":null}},"3":{"start":{"line":30,"column":6},"end":{"line":36,"column":null}},"4":{"start":{"line":39,"column":6},"end":{"line":43,"column":null}},"5":{"start":{"line":46,"column":6},"end":{"line":50,"column":null}},"6":{"start":{"line":54,"column":6},"end":{"line":69,"column":null}}},"fnMap":{"0":{"name":"SuitSvg","decl":{"start":{"line":11,"column":37},"end":{"line":11,"column":45}},"loc":{"start":{"line":11,"column":91},"end":{"line":24,"column":null}},"line":11},"1":{"name":"SuitPath","decl":{"start":{"line":26,"column":9},"end":{"line":26,"column":18}},"loc":{"start":{"line":26,"column":44},"end":{"line":69,"column":null}},"line":26}},"branchMap":{"0":{"loc":{"start":{"line":11,"column":53},"end":{"line":11,"column":64}},"type":"default-arg","locations":[{"start":{"line":11,"column":60},"end":{"line":11,"column":64}}],"line":11},"1":{"loc":{"start":{"line":27,"column":2},"end":{"line":69,"column":null}},"type":"switch","locations":[{"start":{"line":28,"column":4},"end":{"line":36,"column":null}},{"start":{"line":38,"column":4},"end":{"line":43,"column":null}},{"start":{"line":45,"column":4},"end":{"line":50,"column":null}},{"start":{"line":52,"column":4},"end":{"line":69,"column":null}}],"line":27}},"s":{"0":8,"1":168,"2":168,"3":79,"4":69,"5":11,"6":9},"f":{"0":168,"1":168},"b":{"0":[168],"1":[79,69,11,9]},"meta":{"lastBranch":2,"lastFunction":2,"lastStatement":7,"seen":{"s:11:13:24:Infinity":0,"f:11:37:11:45":0,"b:11:60:11:64":0,"s:12:2:22:Infinity":1,"f:26:9:26:18":1,"b:28:4:36:Infinity:38:4:43:Infinity:45:4:50:Infinity:52:4:69:Infinity":1,"s:27:2:69:Infinity":2,"s:30:6:36:Infinity":3,"s:39:6:43:Infinity":4,"s:46:6:50:Infinity":5,"s:54:6:69:Infinity":6}}}
,"/Users/jvalin/dev/st5/green_leaf/judgement/frontend/src/components/common/index.ts": {"path":"/Users/jvalin/dev/st5/green_leaf/judgement/frontend/src/components/common/index.ts","statementMap":{},"fnMap":{},"branchMap":{},"s":{},"f":{},"b":{},"meta":{"lastBranch":0,"lastFunction":0,"lastStatement":0,"seen":{}}}
,"/Users/jvalin/dev/st5/green_leaf/judgement/frontend/src/components/common/pipLayouts.ts": {"path":"/Users/jvalin/dev/st5/green_leaf/judgement/frontend/src/components/common/pipLayouts.ts","statementMap":{"0":{"start":{"line":13,"column":17},"end":{"line":13,"column":null}},"1":{"start":{"line":14,"column":19},"end":{"line":14,"column":null}},"2":{"start":{"line":15,"column":18},"end":{"line":15,"column":null}},"3":{"start":{"line":17,"column":14},"end":{"line":17,"column":null}},"4":{"start":{"line":18,"column":14},"end":{"line":18,"column":null}},"5":{"start":{"line":19,"column":21},"end":{"line":19,"column":null}},"6":{"start":{"line":20,"column":19},"end":{"line":20,"column":null}},"7":{"start":{"line":21,"column":20},"end":{"line":21,"column":null}},"8":{"start":{"line":22,"column":14},"end":{"line":22,"column":null}},"9":{"start":{"line":23,"column":14},"end":{"line":23,"column":null}},"10":{"start":{"line":25,"column":58},"end":{"line":98,"column":null}}},"fnMap":{},"branchMap":{},"s":{"0":8,"1":8,"2":8,"3":8,"4":8,"5":8,"6":8,"7":8,"8":8,"9":8,"10":8},"f":{},"b":{},"meta":{"lastBranch":0,"lastFunction":0,"lastStatement":11,"seen":{"s:13:17:13:Infinity":0,"s:14:19:14:Infinity":1,"s:15:18:15:Infinity":2,"s:17:14:17:Infinity":3,"s:18:14:18:Infinity":4,"s:19:21:19:Infinity":5,"s:20:19:20:Infinity":6,"s:21:20:21:Infinity":7,"s:22:14:22:Infinity":8,"s:23:14:23:Infinity":9,"s:25:58:98:Infinity":10}}}
,"/Users/jvalin/dev/st5/green_leaf/judgement/frontend/src/components/game/BidSelector.tsx": {"path":"/Users/jvalin/dev/st5/green_leaf/judgement/frontend/src/components/game/BidSelector.tsx","statementMap":{"0":{"start":{"line":18,"column":17},"end":{"line":18,"column":null}},"1":{"start":{"line":19,"column":24},"end":{"line":19,"column":70}},"2":{"start":{"line":19,"column":50},"end":{"line":19,"column":68}},"3":{"start":{"line":20,"column":22},"end":{"line":20,"column":null}},"4":{"start":{"line":21,"column":21},"end":{"line":21,"column":null}},"5":{"start":{"line":22,"column":18},"end":{"line":22,"column":null}},"6":{"start":{"line":24,"column":2},"end":{"line":50,"column":null}},"7":{"start":{"line":41,"column":10},"end":{"line":48,"column":null}},"8":{"start":{"line":45,"column":27},"end":{"line":45,"column":42}},"9":{"start":{"line":64,"column":2},"end":{"line":97,"column":null}},"10":{"start":{"line":69,"column":27},"end":{"line":69,"column":null}},"11":{"start":{"line":70,"column":30},"end":{"line":70,"column":116}},"12":{"start":{"line":71,"column":12},"end":{"line":75,"column":null}},"13":{"start":{"line":83,"column":24},"end":{"line":83,"column":75}},"14":{"start":{"line":83,"column":45},"end":{"line":83,"column":75}},"15":{"start":{"line":84,"column":27},"end":{"line":84,"column":null}},"16":{"start":{"line":85,"column":30},"end":{"line":89,"column":39}},"17":{"start":{"line":90,"column":12},"end":{"line":93,"column":null}}},"fnMap":{"0":{"name":"BidSelector","decl":{"start":{"line":17,"column":16},"end":{"line":17,"column":28}},"loc":{"start":{"line":17,"column":132},"end":{"line":50,"column":null}},"line":17},"1":{"name":"(anonymous_1)","decl":{"start":{"line":19,"column":29},"end":{"line":19,"column":37}},"loc":{"start":{"line":19,"column":50},"end":{"line":19,"column":68}},"line":19},"2":{"name":"(anonymous_2)","decl":{"start":{"line":40,"column":42},"end":{"line":40,"column":45}},"loc":{"start":{"line":41,"column":10},"end":{"line":48,"column":null}},"line":41},"3":{"name":"(anonymous_3)","decl":{"start":{"line":45,"column":12},"end":{"line":45,"column":27}},"loc":{"start":{"line":45,"column":27},"end":{"line":45,"column":42}},"line":45},"4":{"name":"BidTable","decl":{"start":{"line":63,"column":9},"end":{"line":63,"column":18}},"loc":{"start":{"line":63,"column":62},"end":{"line":97,"column":null}},"line":63},"5":{"name":"(anonymous_5)","decl":{"start":{"line":68,"column":19},"end":{"line":68,"column":24}},"loc":{"start":{"line":68,"column":35},"end":{"line":77,"column":null}},"line":68},"6":{"name":"(anonymous_6)","decl":{"start":{"line":82,"column":19},"end":{"line":82,"column":24}},"loc":{"start":{"line":82,"column":35},"end":{"line":95,"column":null}},"line":82},"7":{"name":"(anonymous_7)","decl":{"start":{"line":83,"column":29},"end":{"line":83,"column":35}},"loc":{"start":{"line":83,"column":45},"end":{"line":83,"column":75}},"line":83}},"branchMap":{"0":{"loc":{"start":{"line":18,"column":17},"end":{"line":18,"column":null}},"type":"binary-expr","locations":[{"start":{"line":18,"column":17},"end":{"line":18,"column":29}},{"start":{"line":18,"column":29},"end":{"line":18,"column":null}}],"line":18},"1":{"loc":{"start":{"line":20,"column":22},"end":{"line":20,"column":null}},"type":"cond-expr","locations":[{"start":{"line":20,"column":34},"end":{"line":20,"column":89}},{"start":{"line":20,"column":89},"end":{"line":20,"column":null}}],"line":20},"2":{"loc":{"start":{"line":21,"column":21},"end":{"line":21,"column":null}},"type":"cond-expr","locations":[{"start":{"line":21,"column":33},"end":{"line":21,"column":86}},{"start":{"line":21,"column":86},"end":{"line":21,"column":null}}],"line":21},"3":{"loc":{"start":{"line":22,"column":18},"end":{"line":22,"column":null}},"type":"binary-expr","locations":[{"start":{"line":22,"column":18},"end":{"line":22,"column":54}},{"start":{"line":22,"column":54},"end":{"line":22,"column":null}}],"line":22},"4":{"loc":{"start":{"line":22,"column":35},"end":{"line":22,"column":54}},"type":"binary-expr","locations":[{"start":{"line":22,"column":35},"end":{"line":22,"column":47}},{"start":{"line":22,"column":47},"end":{"line":22,"column":54}}],"line":22},"5":{"loc":{"start":{"line":27,"column":9},"end":{"line":30,"column":null}},"type":"binary-expr","locations":[{"start":{"line":27,"column":9},"end":{"line":27,"column":null}},{"start":{"line":28,"column":10},"end":{"line":30,"column":null}}],"line":27},"6":{"loc":{"start":{"line":28,"column":60},"end":{"line":28,"column":130}},"type":"cond-expr","locations":[{"start":{"line":28,"column":83},"end":{"line":28,"column":109}},{"start":{"line":28,"column":109},"end":{"line":28,"column":130}}],"line":28},"7":{"loc":{"start":{"line":70,"column":52},"end":{"line":70,"column":90}},"type":"cond-expr","locations":[{"start":{"line":70,"column":61},"end":{"line":70,"column":87}},{"start":{"line":70,"column":87},"end":{"line":70,"column":90}}],"line":70},"8":{"loc":{"start":{"line":74,"column":59},"end":{"line":74,"column":95}},"type":"cond-expr","locations":[{"start":{"line":74,"column":68},"end":{"line":74,"column":76}},{"start":{"line":74,"column":76},"end":{"line":74,"column":95}}],"line":74},"9":{"loc":{"start":{"line":87,"column":14},"end":{"line":87,"column":null}},"type":"cond-expr","locations":[{"start":{"line":87,"column":34},"end":{"line":87,"column":63}},{"start":{"line":87,"column":63},"end":{"line":87,"column":null}}],"line":87},"10":{"loc":{"start":{"line":88,"column":14},"end":{"line":88,"column":null}},"type":"cond-expr","locations":[{"start":{"line":88,"column":23},"end":{"line":88,"column":50}},{"start":{"line":88,"column":50},"end":{"line":88,"column":null}}],"line":88},"11":{"loc":{"start":{"line":92,"column":17},"end":{"line":92,"column":null}},"type":"cond-expr","locations":[{"start":{"line":92,"column":37},"end":{"line":92,"column":51}},{"start":{"line":92,"column":51},"end":{"line":92,"column":null}}],"line":92},"12":{"loc":{"start":{"line":92,"column":51},"end":{"line":92,"column":null}},"type":"cond-expr","locations":[{"start":{"line":92,"column":60},"end":{"line":92,"column":66}},{"start":{"line":92,"column":66},"end":{"line":92,"column":null}}],"line":92}},"s":{"0":10,"1":10,"2":3,"3":10,"4":10,"5":10,"6":10,"7":60,"8":1,"9":10,"10":30,"11":30,"12":30,"13":30,"14":8,"15":30,"16":30,"17":30},"f":{"0":10,"1":3,"2":60,"3":1,"4":10,"5":30,"6":30,"7":8},"b":{"0":[10,0],"1":[10,0],"2":[10,0],"3":[10,1],"4":[10,0],"5":[10,10],"6":[0,10],"7":[10,20],"8":[10,20],"9":[3,27],"10":[10,20],"11":[3,27],"12":[10,17]},"meta":{"lastBranch":13,"lastFunction":8,"lastStatement":18,"seen":{"f:17:16:17:28":0,"s:18:17:18:Infinity":0,"b:18:17:18:29:18:29:18:Infinity":0,"s:19:24:19:70":1,"f:19:29:19:37":1,"s:19:50:19:68":2,"s:20:22:20:Infinity":3,"b:20:34:20:89:20:89:20:Infinity":1,"s:21:21:21:Infinity":4,"b:21:33:21:86:21:86:21:Infinity":2,"s:22:18:22:Infinity":5,"b:22:18:22:54:22:54:22:Infinity":3,"b:22:35:22:47:22:47:22:54":4,"s:24:2:50:Infinity":6,"b:27:9:27:Infinity:28:10:30:Infinity":5,"b:28:83:28:109:28:109:28:130":6,"f:40:42:40:45":2,"s:41:10:48:Infinity":7,"f:45:12:45:27":3,"s:45:27:45:42":8,"f:63:9:63:18":4,"s:64:2:97:Infinity":9,"f:68:19:68:24":5,"s:69:27:69:Infinity":10,"s:70:30:70:116":11,"b:70:61:70:87:70:87:70:90":7,"s:71:12:75:Infinity":12,"b:74:68:74:76:74:76:74:95":8,"f:82:19:82:24":6,"s:83:24:83:75":13,"f:83:29:83:35":7,"s:83:45:83:75":14,"s:84:27:84:Infinity":15,"s:85:30:89:39":16,"b:87:34:87:63:87:63:87:Infinity":9,"b:88:23:88:50:88:50:88:Infinity":10,"s:90:12:93:Infinity":17,"b:92:37:92:51:92:51:92:Infinity":11,"b:92:60:92:66:92:66:92:Infinity":12}}}
,"/Users/jvalin/dev/st5/green_leaf/judgement/frontend/src/components/game/OpponentArea.tsx": {"path":"/Users/jvalin/dev/st5/green_leaf/judgement/frontend/src/components/game/OpponentArea.tsx","statementMap":{"0":{"start":{"line":21,"column":21},"end":{"line":21,"column":null}},"1":{"start":{"line":22,"column":20},"end":{"line":22,"column":47}},"2":{"start":{"line":23,"column":20},"end":{"line":23,"column":43}},"3":{"start":{"line":25,"column":2},"end":{"line":48,"column":null}},"4":{"start":{"line":29,"column":10},"end":{"line":35,"column":null}},"5":{"start":{"line":62,"column":18},"end":{"line":62,"column":null}},"6":{"start":{"line":64,"column":2},"end":{"line":68,"column":null}},"7":{"start":{"line":75,"column":22},"end":{"line":75,"column":null}},"8":{"start":{"line":78,"column":13},"end":{"line":78,"column":null}},"9":{"start":{"line":79,"column":2},"end":{"line":80,"column":null}},"10":{"start":{"line":79,"column":19},"end":{"line":79,"column":22}},"11":{"start":{"line":80,"column":4},"end":{"line":80,"column":null}},"12":{"start":{"line":82,"column":2},"end":{"line":82,"column":null}},"13":{"start":{"line":86,"column":2},"end":{"line":86,"column":null}},"14":{"start":{"line":90,"column":2},"end":{"line":90,"column":null}},"15":{"start":{"line":90,"column":18},"end":{"line":90,"column":null}},"16":{"start":{"line":91,"column":17},"end":{"line":91,"column":null}},"17":{"start":{"line":92,"column":15},"end":{"line":92,"column":null}},"18":{"start":{"line":93,"column":2},"end":{"line":93,"column":null}},"19":{"start":{"line":93,"column":53},"end":{"line":93,"column":80}}},"fnMap":{"0":{"name":"PlayerSeat","decl":{"start":{"line":20,"column":16},"end":{"line":20,"column":27}},"loc":{"start":{"line":20,"column":120},"end":{"line":48,"column":null}},"line":20},"1":{"name":"(anonymous_1)","decl":{"start":{"line":28,"column":19},"end":{"line":28,"column":24}},"loc":{"start":{"line":29,"column":10},"end":{"line":35,"column":null}},"line":29},"2":{"name":"StatBadge","decl":{"start":{"line":61,"column":16},"end":{"line":61,"column":26}},"loc":{"start":{"line":61,"column":69},"end":{"line":68,"column":null}},"line":61},"3":{"name":"getAvatarColor","decl":{"start":{"line":77,"column":16},"end":{"line":77,"column":31}},"loc":{"start":{"line":77,"column":53},"end":{"line":82,"column":null}},"line":77},"4":{"name":"getInitials","decl":{"start":{"line":85,"column":16},"end":{"line":85,"column":28}},"loc":{"start":{"line":85,"column":50},"end":{"line":86,"column":null}},"line":85},"5":{"name":"getFanAngles","decl":{"start":{"line":89,"column":9},"end":{"line":89,"column":22}},"loc":{"start":{"line":89,"column":47},"end":{"line":93,"column":null}},"line":89},"6":{"name":"(anonymous_6)","decl":{"start":{"line":93,"column":37},"end":{"line":93,"column":40}},"loc":{"start":{"line":93,"column":53},"end":{"line":93,"column":80}},"line":93}},"branchMap":{"0":{"loc":{"start":{"line":21,"column":21},"end":{"line":21,"column":null}},"type":"cond-expr","locations":[{"start":{"line":21,"column":36},"end":{"line":21,"column":60}},{"start":{"line":21,"column":60},"end":{"line":21,"column":null}}],"line":21},"1":{"loc":{"start":{"line":38,"column":43},"end":{"line":38,"column":null}},"type":"cond-expr","locations":[{"start":{"line":38,"column":59},"end":{"line":38,"column":83}},{"start":{"line":38,"column":83},"end":{"line":38,"column":null}}],"line":38},"2":{"loc":{"start":{"line":43,"column":9},"end":{"line":43,"column":null}},"type":"binary-expr","locations":[{"start":{"line":43,"column":9},"end":{"line":43,"column":26}},{"start":{"line":43,"column":26},"end":{"line":43,"column":null}}],"line":43},"3":{"loc":{"start":{"line":62,"column":18},"end":{"line":62,"column":null}},"type":"cond-expr","locations":[{"start":{"line":62,"column":33},"end":{"line":62,"column":57}},{"start":{"line":62,"column":57},"end":{"line":62,"column":null}}],"line":62},"4":{"loc":{"start":{"line":90,"column":2},"end":{"line":90,"column":null}},"type":"if","locations":[{"start":{"line":90,"column":2},"end":{"line":90,"column":null}},{"start":{},"end":{}}],"line":90}},"s":{"0":10,"1":10,"2":10,"3":10,"4":30,"5":7,"6":7,"7":3,"8":37,"9":37,"10":37,"11":183,"12":37,"13":7,"14":10,"15":0,"16":10,"17":10,"18":10,"19":30},"f":{"0":10,"1":30,"2":7,"3":37,"4":7,"5":10,"6":30},"b":{"0":[5,5],"1":[2,8],"2":[10,2],"3":[1,6],"4":[0,10]},"meta":{"lastBranch":5,"lastFunction":7,"lastStatement":20,"seen":{"f:20:16:20:27":0,"s:21:21:21:Infinity":0,"b:21:36:21:60:21:60:21:Infinity":0,"s:22:20:22:47":1,"s:23:20:23:43":2,"s:25:2:48:Infinity":3,"f:28:19:28:24":1,"s:29:10:35:Infinity":4,"b:38:59:38:83:38:83:38:Infinity":1,"b:43:9:43:26:43:26:43:Infinity":2,"f:61:16:61:26":2,"s:62:18:62:Infinity":5,"b:62:33:62:57:62:57:62:Infinity":3,"s:64:2:68:Infinity":6,"s:75:22:75:Infinity":7,"f:77:16:77:31":3,"s:78:13:78:Infinity":8,"s:79:2:80:Infinity":9,"s:79:19:79:22":10,"s:80:4:80:Infinity":11,"s:82:2:82:Infinity":12,"f:85:16:85:28":4,"s:86:2:86:Infinity":13,"f:89:9:89:22":5,"b:90:2:90:Infinity:undefined:undefined:undefined:undefined":4,"s:90:2:90:Infinity":14,"s:90:18:90:Infinity":15,"s:91:17:91:Infinity":16,"s:92:15:92:Infinity":17,"s:93:2:93:Infinity":18,"f:93:37:93:40":6,"s:93:53:93:80":19}}}
,"/Users/jvalin/dev/st5/green_leaf/judgement/frontend/src/components/game/PlayerHand.tsx": {"path":"/Users/jvalin/dev/st5/green_leaf/judgement/frontend/src/components/game/PlayerHand.tsx","statementMap":{"0":{"start":{"line":6,"column":43},"end":{"line":11,"column":null}},"1":{"start":{"line":14,"column":2},"end":{"line":18,"column":null}},"2":{"start":{"line":15,"column":21},"end":{"line":15,"column":null}},"3":{"start":{"line":16,"column":4},"end":{"line":16,"column":null}},"4":{"start":{"line":16,"column":24},"end":{"line":16,"column":null}},"5":{"start":{"line":17,"column":4},"end":{"line":17,"column":null}},"6":{"start":{"line":29,"column":17},"end":{"line":29,"column":31}},"7":{"start":{"line":30,"column":2},"end":{"line":47,"column":null}},"8":{"start":{"line":34,"column":29},"end":{"line":34,"column":73}},"9":{"start":{"line":35,"column":27},"end":{"line":35,"column":null}},"10":{"start":{"line":36,"column":10},"end":{"line":43,"column":null}},"11":{"start":{"line":42,"column":29},"end":{"line":42,"column":null}},"12":{"start":{"line":52,"column":2},"end":{"line":52,"column":null}},"13":{"start":{"line":52,"column":26},"end":{"line":52,"column":67}},"14":{"start":{"line":56,"column":2},"end":{"line":56,"column":null}}},"fnMap":{"0":{"name":"sortHand","decl":{"start":{"line":13,"column":9},"end":{"line":13,"column":18}},"loc":{"start":{"line":13,"column":49},"end":{"line":18,"column":null}},"line":13},"1":{"name":"(anonymous_1)","decl":{"start":{"line":14,"column":20},"end":{"line":14,"column":26}},"loc":{"start":{"line":14,"column":35},"end":{"line":18,"column":null}},"line":14},"2":{"name":"PlayerHand","decl":{"start":{"line":28,"column":16},"end":{"line":28,"column":27}},"loc":{"start":{"line":28,"column":88},"end":{"line":47,"column":null}},"line":28},"3":{"name":"(anonymous_3)","decl":{"start":{"line":33,"column":16},"end":{"line":33,"column":21}},"loc":{"start":{"line":33,"column":30},"end":{"line":43,"column":null}},"line":33},"4":{"name":"(anonymous_4)","decl":{"start":{"line":42,"column":14},"end":{"line":42,"column":29}},"loc":{"start":{"line":42,"column":29},"end":{"line":42,"column":null}},"line":42},"5":{"name":"isCardPlayable","decl":{"start":{"line":51,"column":9},"end":{"line":51,"column":24}},"loc":{"start":{"line":51,"column":73},"end":{"line":52,"column":null}},"line":51},"6":{"name":"(anonymous_6)","decl":{"start":{"line":52,"column":20},"end":{"line":52,"column":26}},"loc":{"start":{"line":52,"column":26},"end":{"line":52,"column":67}},"line":52},"7":{"name":"cardKey","decl":{"start":{"line":55,"column":9},"end":{"line":55,"column":17}},"loc":{"start":{"line":55,"column":41},"end":{"line":56,"column":null}},"line":55}},"branchMap":{"0":{"loc":{"start":{"line":16,"column":4},"end":{"line":16,"column":null}},"type":"if","locations":[{"start":{"line":16,"column":4},"end":{"line":16,"column":null}},{"start":{},"end":{}}],"line":16},"1":{"loc":{"start":{"line":34,"column":29},"end":{"line":34,"column":73}},"type":"binary-expr","locations":[{"start":{"line":34,"column":29},"end":{"line":34,"column":41}},{"start":{"line":34,"column":41},"end":{"line":34,"column":73}}],"line":34},"2":{"loc":{"start":{"line":35,"column":27},"end":{"line":35,"column":null}},"type":"binary-expr","locations":[{"start":{"line":35,"column":27},"end":{"line":35,"column":39}},{"start":{"line":35,"column":39},"end":{"line":35,"column":null}}],"line":35},"3":{"loc":{"start":{"line":42,"column":29},"end":{"line":42,"column":null}},"type":"binary-expr","locations":[{"start":{"line":42,"column":29},"end":{"line":42,"column":43}},{"start":{"line":42,"column":43},"end":{"line":42,"column":null}}],"line":42}},"s":{"0":1,"1":6,"2":8,"3":8,"4":7,"5":1,"6":6,"7":6,"8":11,"9":11,"10":11,"11":1,"12":4,"13":4,"14":11},"f":{"0":6,"1":8,"2":6,"3":11,"4":1,"5":4,"6":4,"7":11},"b":{"0":[7,1],"1":[11,4],"2":[11,4],"3":[1,1]},"meta":{"lastBranch":4,"lastFunction":8,"lastStatement":15,"seen":{"s:6:43:11:Infinity":0,"f:13:9:13:18":0,"s:14:2:18:Infinity":1,"f:14:20:14:26":1,"s:15:21:15:Infinity":2,"b:16:4:16:Infinity:undefined:undefined:undefined:undefined":0,"s:16:4:16:Infinity":3,"s:16:24:16:Infinity":4,"s:17:4:17:Infinity":5,"f:28:16:28:27":2,"s:29:17:29:31":6,"s:30:2:47:Infinity":7,"f:33:16:33:21":3,"s:34:29:34:73":8,"b:34:29:34:41:34:41:34:73":1,"s:35:27:35:Infinity":9,"b:35:27:35:39:35:39:35:Infinity":2,"s:36:10:43:Infinity":10,"f:42:14:42:29":4,"s:42:29:42:Infinity":11,"b:42:29:42:43:42:43:42:Infinity":3,"f:51:9:51:24":5,"s:52:2:52:Infinity":12,"f:52:20:52:26":6,"s:52:26:52:67":13,"f:55:9:55:17":7,"s:56:2:56:Infinity":14}}}
,"/Users/jvalin/dev/st5/green_leaf/judgement/frontend/src/components/game/PlayerInfo.tsx": {"path":"/Users/jvalin/dev/st5/green_leaf/judgement/frontend/src/components/game/PlayerInfo.tsx","statementMap":{"0":{"start":{"line":15,"column":2},"end":{"line":15,"column":null}},"1":{"start":{"line":15,"column":17},"end":{"line":15,"column":null}},"2":{"start":{"line":17,"column":16},"end":{"line":17,"column":41}},"3":{"start":{"line":18,"column":19},"end":{"line":18,"column":null}},"4":{"start":{"line":19,"column":18},"end":{"line":19,"column":null}},"5":{"start":{"line":20,"column":8},"end":{"line":20,"column":48}},"6":{"start":{"line":21,"column":8},"end":{"line":21,"column":42}},"7":{"start":{"line":23,"column":20},"end":{"line":26,"column":29}},"8":{"start":{"line":28,"column":2},"end":{"line":33,"column":null}},"9":{"start":{"line":39,"column":14},"end":{"line":39,"column":60}},"10":{"start":{"line":39,"column":33},"end":{"line":39,"column":60}},"11":{"start":{"line":40,"column":2},"end":{"line":40,"column":null}}},"fnMap":{"0":{"name":"PlayerInfo","decl":{"start":{"line":14,"column":16},"end":{"line":14,"column":27}},"loc":{"start":{"line":14,"column":115},"end":{"line":33,"column":null}},"line":14},"1":{"name":"findMyBid","decl":{"start":{"line":38,"column":9},"end":{"line":38,"column":19}},"loc":{"start":{"line":38,"column":65},"end":{"line":40,"column":null}},"line":38},"2":{"name":"(anonymous_2)","decl":{"start":{"line":39,"column":19},"end":{"line":39,"column":25}},"loc":{"start":{"line":39,"column":33},"end":{"line":39,"column":60}},"line":39}},"branchMap":{"0":{"loc":{"start":{"line":15,"column":2},"end":{"line":15,"column":null}},"type":"if","locations":[{"start":{"line":15,"column":2},"end":{"line":15,"column":null}},{"start":{},"end":{}}],"line":15},"1":{"loc":{"start":{"line":18,"column":19},"end":{"line":18,"column":null}},"type":"binary-expr","locations":[{"start":{"line":18,"column":19},"end":{"line":18,"column":42}},{"start":{"line":18,"column":42},"end":{"line":18,"column":null}}],"line":18},"2":{"loc":{"start":{"line":19,"column":18},"end":{"line":19,"column":null}},"type":"binary-expr","locations":[{"start":{"line":19,"column":18},"end":{"line":19,"column":48}},{"start":{"line":19,"column":48},"end":{"line":19,"column":null}}],"line":19},"3":{"loc":{"start":{"line":25,"column":4},"end":{"line":25,"column":null}},"type":"cond-expr","locations":[{"start":{"line":25,"column":15},"end":{"line":25,"column":41}},{"start":{"line":25,"column":41},"end":{"line":25,"column":null}}],"line":25},"4":{"loc":{"start":{"line":40,"column":9},"end":{"line":40,"column":null}},"type":"cond-expr","locations":[{"start":{"line":40,"column":15},"end":{"line":40,"column":28}},{"start":{"line":40,"column":28},"end":{"line":40,"column":null}}],"line":40}},"s":{"0":8,"1":1,"2":7,"3":7,"4":8,"5":8,"6":8,"7":8,"8":8,"9":7,"10":1,"11":7},"f":{"0":8,"1":7,"2":1},"b":{"0":[1,7],"1":[7,6],"2":[8,6],"3":[1,6],"4":[1,6]},"meta":{"lastBranch":5,"lastFunction":3,"lastStatement":12,"seen":{"f:14:16:14:27":0,"b:15:2:15:Infinity:undefined:undefined:undefined:undefined":0,"s:15:2:15:Infinity":0,"s:15:17:15:Infinity":1,"s:17:16:17:41":2,"s:18:19:18:Infinity":3,"b:18:19:18:42:18:42:18:Infinity":1,"s:19:18:19:Infinity":4,"b:19:18:19:48:19:48:19:Infinity":2,"s:20:8:20:48":5,"s:21:8:21:42":6,"s:23:20:26:29":7,"b:25:15:25:41:25:41:25:Infinity":3,"s:28:2:33:Infinity":8,"f:38:9:38:19":1,"s:39:14:39:60":9,"f:39:19:39:25":2,"s:39:33:39:60":10,"s:40:2:40:Infinity":11,"b:40:15:40:28:40:28:40:Infinity":4}}}
[...]
,"/Users/jvalin/dev/st5/green_leaf/judgement/frontend/src/services/audio.ts": {"path":"/Users/jvalin/dev/st5/green_leaf/judgement/frontend/src/services/audio.ts","statementMap":{"0":{"start":{"line":6,"column":40},"end":{"line":6,"column":null}},"1":{"start":{"line":9,"column":2},"end":{"line":15,"column":null}},"2":{"start":{"line":10,"column":4},"end":{"line":11,"column":null}},"3":{"start":{"line":11,"column":6},"end":{"line":11,"column":null}},"4":{"start":{"line":13,"column":4},"end":{"line":13,"column":null}},"5":{"start":{"line":15,"column":4},"end":{"line":15,"column":null}},"6":{"start":{"line":27,"column":21},"end":{"line":27,"column":43}},"7":{"start":{"line":28,"column":15},"end":{"line":28,"column":31}},"8":{"start":{"line":30,"column":2},"end":{"line":30,"column":null}},"9":{"start":{"line":31,"column":2},"end":{"line":31,"column":null}},"10":{"start":{"line":33,"column":2},"end":{"line":33,"column":null}},"11":{"start":{"line":34,"column":2},"end":{"line":34,"column":null}},"12":{"start":{"line":35,"column":2},"end":{"line":35,"column":null}},"13":{"start":{"line":36,"column":2},"end":{"line":36,"column":null}},"14":{"start":{"line":38,"column":2},"end":{"line":38,"column":null}},"15":{"start":{"line":39,"column":2},"end":{"line":39,"column":null}},"16":{"start":{"line":41,"column":2},"end":{"line":41,"column":null}},"17":{"start":{"line":42,"column":2},"end":{"line":42,"column":null}},"18":{"start":{"line":50,"column":14},"end":{"line":50,"column":26}},"19":{"start":{"line":51,"column":2},"end":{"line":51,"column":null}},"20":{"start":{"line":51,"column":12},"end":{"line":51,"column":null}},"21":{"start":{"line":53,"column":14},"end":{"line":53,"column":null}},"22":{"start":{"line":54,"column":16},"end":{"line":54,"column":null}},"23":{"start":{"line":55,"column":17},"end":{"line":55,"column":null}},"24":{"start":{"line":57,"column":2},"end":{"line":61,"column":null}},"25":{"start":{"line":58,"column":4},"end":{"line":58,"column":null}},"26":{"start":{"line":60,"column":4},"end":{"line":60,"column":null}},"27":{"start":{"line":64,"column":2},"end":{"line":64,"column":null}},"28":{"start":{"line":65,"column":2},"end":{"line":65,"column":null}},"29":{"start":{"line":66,"column":2},"end":{"line":66,"column":null}},"30":{"start":{"line":73,"column":14},"end":{"line":73,"column":26}},"31":{"start":{"line":74,"column":2},"end":{"line":74,"column":null}},"32":{"start":{"line":74,"column":12},"end":{"line":74,"column":null}},"33":{"start":{"line":76,"column":14},"end":{"line":76,"column":null}},"34":{"start":{"line":77,"column":16},"end":{"line":77,"column":null}},"35":{"start":{"line":78,"column":17},"end":{"line":78,"column":null}},"36":{"start":{"line":80,"column":2},"end":{"line":82,"column":null}},"37":{"start":{"line":81,"column":4},"end":{"line":81,"column":null}}},"fnMap":{"0":{"name":"getContext","decl":{"start":{"line":8,"column":9},"end":{"line":8,"column":43}},"loc":{"start":{"line":8,"column":43},"end":{"line":15,"column":null}},"line":8},"1":{"name":"playTone","decl":{"start":{"line":19,"column":9},"end":{"line":19,"column":null}},"loc":{"start":{"line":26,"column":2},"end":{"line":42,"column":null}},"line":26},"2":{"name":"playVictorySound","decl":{"start":{"line":49,"column":16},"end":{"line":49,"column":35}},"loc":{"start":{"line":49,"column":35},"end":{"line":66,"column":null}},"line":49},"3":{"name":"(anonymous_3)","decl":{"start":{"line":57,"column":8},"end":{"line":57,"column":17}},"loc":{"start":{"line":57,"column":33},"end":{"line":61,"column":null}},"line":57},"4":{"name":"playGoodGameSound","decl":{"start":{"line":72,"column":16},"end":{"line":72,"column":36}},"loc":{"start":{"line":72,"column":36},"end":{"line":82,"column":null}},"line":72},"5":{"name":"(anonymous_5)","decl":{"start":{"line":80,"column":8},"end":{"line":80,"column":17}},"loc":{"start":{"line":80,"column":33},"end":{"line":82,"column":null}},"line":80}},"branchMap":{"0":{"loc":{"start":{"line":10,"column":4},"end":{"line":11,"column":null}},"type":"if","locations":[{"start":{"line":10,"column":4},"end":{"line":11,"column":null}},{"start":{},"end":{}}],"line":10},"1":{"loc":{"start":{"line":25,"column":2},"end":{"line":25,"column":null}},"type":"default-arg","locations":[{"start":{"line":25,"column":25},"end":{"line":25,"column":null}}],"line":25},"2":{"loc":{"start":{"line":51,"column":2},"end":{"line":51,"column":null}},"type":"if","locations":[{"start":{"line":51,"column":2},"end":{"line":51,"column":null}},{"start":{},"end":{}}],"line":51},"3":{"loc":{"start":{"line":74,"column":2},"end":{"line":74,"column":null}},"type":"if","locations":[{"start":{"line":74,"column":2},"end":{"line":74,"column":null}},{"start":{},"end":{}}],"line":74}},"s":{"0":1,"1":0,"2":0,"3":0,"4":0,"5":0,"6":0,"7":0,"8":0,"9":0,"10":0,"11":0,"12":0,"13":0,"14":0,"15":0,"16":0,"17":0,"18":0,"19":0,"20":0,"21":0,"22":0,"23":0,"24":0,"25":0,"26":0,"27":0,"28":0,"29":0,"30":0,"31":0,"32":0,"33":0,"34":0,"35":0,"36":0,"37":0},"f":{"0":0,"1":0,"2":0,"3":0,"4":0,"5":0},"b":{"0":[0,0],"1":[0],"2":[0,0],"3":[0,0]},"meta":{"lastBranch":4,"lastFunction":6,"lastStatement":38,"seen":{"s:6:40:6:Infinity":0,"f:8:9:8:43":0,"s:9:2:15:Infinity":1,"b:10:4:11:Infinity:undefined:undefined:undefined:undefined":0,"s:10:4:11:Infinity":2,"s:11:6:11:Infinity":3,"s:13:4:13:Infinity":4,"s:15:4:15:Infinity":5,"f:19:9:19:Infinity":1,"b:25:25:25:Infinity":1,"s:27:21:27:43":6,"s:28:15:28:31":7,"s:30:2:30:Infinity":8,"s:31:2:31:Infinity":9,"s:33:2:33:Infinity":10,"s:34:2:34:Infinity":11,"s:35:2:35:Infinity":12,"s:36:2:36:Infinity":13,"s:38:2:38:Infinity":14,"s:39:2:39:Infinity":15,"s:41:2:41:Infinity":16,"s:42:2:42:Infinity":17,"f:49:16:49:35":2,"s:50:14:50:26":18,"b:51:2:51:Infinity:undefined:undefined:undefined:undefined":2,"s:51:2:51:Infinity":19,"s:51:12:51:Infinity":20,"s:53:14:53:Infinity":21,"s:54:16:54:Infinity":22,"s:55:17:55:Infinity":23,"s:57:2:61:Infinity":24,"f:57:8:57:17":3,"s:58:4:58:Infinity":25,"s:60:4:60:Infinity":26,"s:64:2:64:Infinity":27,"s:65:2:65:Infinity":28,"s:66:2:66:Infinity":29,"f:72:16:72:36":4,"s:73:14:73:26":30,"b:74:2:74:Infinity:undefined:undefined:undefined:undefined":3,"s:74:2:74:Infinity":31,"s:74:12:74:Infinity":32,"s:76:14:76:Infinity":33,"s:77:16:77:Infinity":34,"s:78:17:78:Infinity":35,"s:80:2:82:Infinity":36,"f:80:8:80:17":5,"s:81:4:81:Infinity":37}}}
,"/Users/jvalin/dev/st5/green_leaf/judgement/frontend/src/styles/animations.module.css": {"path":"/Users/jvalin/dev/st5/green_leaf/judgement/frontend/src/styles/animations.module.css","statementMap":{},"fnMap":{},"branchMap":{},"s":{},"f":{},"b":{},"meta":{"lastBranch":0,"lastFunction":0,"lastStatement":0,"seen":{}}}
,"/Users/jvalin/dev/st5/green_leaf/judgement/frontend/src/styles/card.module.css": {"path":"/Users/jvalin/dev/st5/green_leaf/judgement/frontend/src/styles/card.module.css","statementMap":{},"fnMap":{},"branchMap":{},"s":{},"f":{},"b":{},"meta":{"lastBranch":0,"lastFunction":0,"lastStatement":0,"seen":{}}}
,"/Users/jvalin/dev/st5/green_leaf/judgement/frontend/src/styles/common.module.css": {"path":"/Users/jvalin/dev/st5/green_leaf/judgement/frontend/src/styles/common.module.css","statementMap":{},"fnMap":{},"branchMap":{},"s":{},"f":{},"b":{},"meta":{"lastBranch":0,"lastFunction":0,"lastStatement":0,"seen":{}}}
,"/Users/jvalin/dev/st5/green_leaf/judgement/frontend/src/styles/game.module.css": {"path":"/Users/jvalin/dev/st5/green_leaf/judgement/frontend/src/styles/game.module.css","statementMap":{},"fnMap":{},"branchMap":{},"s":{},"f":{},"b":{},"meta":{"lastBranch":0,"lastFunction":0,"lastStatement":0,"seen":{}}}
,"/Users/jvalin/dev/st5/green_leaf/judgement/frontend/src/styles/scoreboard.module.css": {"path":"/Users/jvalin/dev/st5/green_leaf/judgement/frontend/src/styles/scoreboard.module.css","statementMap":{},"fnMap":{},"branchMap":{},"s":{},"f":{},"b":{},"meta":{"lastBranch":0,"lastFunction":0,"lastStatement":0,"seen":{}}}
,"/Users/jvalin/dev/st5/green_leaf/judgement/frontend/src/styles/settings.module.css": {"path":"/Users/jvalin/dev/st5/green_leaf/judgement/frontend/src/styles/settings.module.css","statementMap":{},"fnMap":{},"branchMap":{},"s":{},"f":{},"b":{},"meta":{"lastBranch":0,"lastFunction":0,"lastStatement":0,"seen":{}}}
,"/Users/jvalin/dev/st5/green_leaf/judgement/frontend/src/test/helpers.tsx": {"path":"/Users/jvalin/dev/st5/green_leaf/judgement/frontend/src/test/helpers.tsx","statementMap":{"0":{"start":{"line":30,"column":6},"end":{"line":30,"column":72}},"1":{"start":{"line":33,"column":2},"end":{"line":45,"column":null}},"2":{"start":{"line":49,"column":8},"end":{"line":49,"column":45}},"3":{"start":{"line":50,"column":2},"end":{"line":50,"column":null}},"4":{"start":{"line":50,"column":16},"end":{"line":50,"column":null}},"5":{"start":{"line":51,"column":2},"end":{"line":51,"column":null}},"6":{"start":{"line":60,"column":16},"end":{"line":60,"column":null}},"7":{"start":{"line":61,"column":18},"end":{"line":61,"column":null}},"8":{"start":{"line":62,"column":45},"end":{"line":66,"column":null}},"9":{"start":{"line":69,"column":2},"end":{"line":79,"column":null}},"10":{"start":{"line":85,"column":2},"end":{"line":90,"column":null}},"11":{"start":{"line":94,"column":2},"end":{"line":94,"column":null}}},"fnMap":{"0":{"name":"createMockActions","decl":{"start":{"line":32,"column":16},"end":{"line":32,"column":53}},"loc":{"start":{"line":32,"column":53},"end":{"line":45,"column":null}},"line":32},"1":{"name":"useMockGameContext","decl":{"start":{"line":48,"column":16},"end":{"line":48,"column":37}},"loc":{"start":{"line":48,"column":37},"end":{"line":51,"column":null}},"line":48},"2":{"name":"renderWithProviders","decl":{"start":{"line":59,"column":16},"end":{"line":59,"column":36}},"loc":{"start":{"line":59,"column":83},"end":{"line":79,"column":null}},"line":59},"3":{"name":"makePlayer","decl":{"start":{"line":84,"column":16},"end":{"line":84,"column":27}},"loc":{"start":{"line":84,"column":133},"end":{"line":90,"column":null}},"line":84},"4":{"name":"makeCard","decl":{"start":{"line":93,"column":16},"end":{"line":93,"column":25}},"loc":{"start":{"line":93,"column":59},"end":{"line":94,"column":null}},"line":93}},"branchMap":{"0":{"loc":{"start":{"line":50,"column":2},"end":{"line":50,"column":null}},"type":"if","locations":[{"start":{"line":50,"column":2},"end":{"line":50,"column":null}},{"start":{},"end":{}}],"line":50},"1":{"loc":{"start":{"line":59,"column":54},"end":{"line":59,"column":81}},"type":"default-arg","locations":[{"start":{"line":59,"column":79},"end":{"line":59,"column":81}}],"line":59},"2":{"loc":{"start":{"line":84,"column":27},"end":{"line":84,"column":131}},"type":"default-arg","locations":[{"start":{"line":84,"column":129},"end":{"line":84,"column":131}}],"line":84},"3":{"loc":{"start":{"line":86,"column":8},"end":{"line":86,"column":null}},"type":"binary-expr","locations":[{"start":{"line":86,"column":8},"end":{"line":86,"column":24}},{"start":{"line":86,"column":24},"end":{"line":86,"column":null}}],"line":86},"4":{"loc":{"start":{"line":87,"column":10},"end":{"line":87,"column":null}},"type":"binary-expr","locations":[{"start":{"line":87,"column":10},"end":{"line":87,"column":28}},{"start":{"line":87,"column":28},"end":{"line":87,"column":null}}],"line":87},"5":{"loc":{"start":{"line":88,"column":18},"end":{"line":88,"column":null}},"type":"binary-expr","locations":[{"start":{"line":88,"column":18},"end":{"line":88,"column":43}},{"start":{"line":88,"column":43},"end":{"line":88,"column":null}}],"line":88},"6":{"loc":{"start":{"line":89,"column":20},"end":{"line":89,"column":null}},"type":"binary-expr","locations":[{"start":{"line":89,"column":20},"end":{"line":89,"column":47}},{"start":{"line":89,"column":47},"end":{"line":89,"column":null}}],"line":89}},"s":{"0":6,"1":0,"2":0,"3":0,"4":0,"5":0,"6":0,"7":0,"8":0,"9":0,"10":97,"11":26},"f":{"0":0,"1":0,"2":0,"3":97,"4":26},"b":{"0":[0,0],"1":[0],"2":[97],"3":[97,10],"4":[97,0],"5":[97,97],"6":[97,97]},"meta":{"lastBranch":7,"lastFunction":5,"lastStatement":12,"seen":{"s:30:6:30:72":0,"f:32:16:32:53":0,"s:33:2:45:Infinity":1,"f:48:16:48:37":1,"s:49:8:49:45":2,"b:50:2:50:Infinity:undefined:undefined:undefined:undefined":0,"s:50:2:50:Infinity":3,"s:50:16:50:Infinity":4,"s:51:2:51:Infinity":5,"f:59:16:59:36":2,"b:59:79:59:81":1,"s:60:16:60:Infinity":6,"s:61:18:61:Infinity":7,"s:62:45:66:Infinity":8,"s:69:2:79:Infinity":9,"f:84:16:84:27":3,"b:84:129:84:131":2,"s:85:2:90:Infinity":10,"b:86:8:86:24:86:24:86:Infinity":3,"b:87:10:87:28:87:28:87:Infinity":4,"b:88:18:88:43:88:43:88:Infinity":5,"b:89:20:89:47:89:47:89:Infinity":6,"f:93:16:93:25":4,"s:94:2:94:Infinity":11}}}
,"/Users/jvalin/dev/st5/green_leaf/judgement/frontend/src/types/card.ts": {"path":"/Users/jvalin/dev/st5/green_leaf/judgement/frontend/src/types/card.ts","statementMap":{"0":{"start":{"line":1,"column":20},"end":{"line":6,"column":null}},"1":{"start":{"line":10,"column":20},"end":{"line":24,"column":null}},"2":{"start":{"line":33,"column":50},"end":{"line":38,"column":null}},"3":{"start":{"line":40,"column":49},"end":{"line":45,"column":null}},"4":{"start":{"line":47,"column":50},"end":{"line":61,"column":null}},"5":{"start":{"line":63,"column":35},"end":{"line":68,"column":null}},"6":{"start":{"line":71,"column":2},"end":{"line":71,"column":null}},"7":{"start":{"line":75,"column":2},"end":{"line":75,"column":null}}},"fnMap":{"0":{"name":"isSameCard","decl":{"start":{"line":70,"column":16},"end":{"line":70,"column":27}},"loc":{"start":{"line":70,"column":62},"end":{"line":71,"column":null}},"line":70},"1":{"name":"cardDisplayName","decl":{"start":{"line":74,"column":16},"end":{"line":74,"column":32}},"loc":{"start":{"line":74,"column":52},"end":{"line":75,"column":null}},"line":74}},"branchMap":{"0":{"loc":{"start":{"line":71,"column":9},"end":{"line":71,"column":null}},"type":"binary-expr","locations":[{"start":{"line":71,"column":9},"end":{"line":71,"column":38}},{"start":{"line":71,"column":38},"end":{"line":71,"column":null}}],"line":71}},"s":{"0":14,"1":14,"2":14,"3":14,"4":14,"5":14,"6":8,"7":4},"f":{"0":8,"1":4},"b":{"0":[8,4]},"meta":{"lastBranch":1,"lastFunction":2,"lastStatement":8,"seen":{"s:1:20:6:Infinity":0,"s:10:20:24:Infinity":1,"s:33:50:38:Infinity":2,"s:40:49:45:Infinity":3,"s:47:50:61:Infinity":4,"s:63:35:68:Infinity":5,"f:70:16:70:27":0,"s:71:2:71:Infinity":6,"b:71:9:71:38:71:38:71:Infinity":0,"f:74:16:74:32":1,"s:75:2:75:Infinity":7}}}
,"/Users/jvalin/dev/st5/green_leaf/judgement/frontend/src/types/events.ts": {"path":"/Users/jvalin/dev/st5/green_leaf/judgement/frontend/src/types/events.ts","statementMap":{"0":{"start":{"line":4,"column":31},"end":{"line":26,"column":null}},"1":{"start":{"line":142,"column":28},"end":{"line":147,"column":null}}},"fnMap":{},"branchMap":{},"s":{"0":13,"1":13},"f":{},"b":{},"meta":{"lastBranch":0,"lastFunction":0,"lastStatement":2,"seen":{"s:4:31:26:Infinity":0,"s:142:28:147:Infinity":1}}}
,"/Users/jvalin/dev/st5/green_leaf/judgement/frontend/src/types/game.ts": {"path":"/Users/jvalin/dev/st5/green_leaf/judgement/frontend/src/types/game.ts","statementMap":{"0":{"start":{"line":4,"column":25},"end":{"line":12,"column":null}},"1":{"start":{"line":16,"column":30},"end":{"line":23,"column":null}},"2":{"start":{"line":27,"column":26},"end":{"line":30,"column":null}},"3":{"start":{"line":34,"column":28},"end":{"line":38,"column":null}},"4":{"start":{"line":101,"column":45},"end":{"line":131,"column":null}},"5":{"start":{"line":140,"column":69},"end":{"line":147,"column":null}},"6":{"start":{"line":149,"column":46},"end":{"line":149,"column":73}},"7":{"start":{"line":153,"column":2},"end":{"line":153,"column":75}},"8":{"start":{"line":153,"column":45},"end":{"line":153,"column":73}},"9":{"start":{"line":156,"column":2},"end":{"line":156,"column":80}},"10":{"start":{"line":156,"column":45},"end":{"line":156,"column":78}},"11":{"start":{"line":159,"column":2},"end":{"line":159,"column":null}}},"fnMap":{"0":{"name":"(anonymous_0)","decl":{"start":{"line":153,"column":34},"end":{"line":153,"column":39}},"loc":{"start":{"line":153,"column":45},"end":{"line":153,"column":73}},"line":153},"1":{"name":"(anonymous_1)","decl":{"start":{"line":156,"column":34},"end":{"line":156,"column":39}},"loc":{"start":{"line":156,"column":45},"end":{"line":156,"column":78}},"line":156},"2":{"name":"isMyTurn","decl":{"start":{"line":158,"column":16},"end":{"line":158,"column":25}},"loc":{"start":{"line":158,"column":52},"end":{"line":159,"column":null}},"line":158}},"branchMap":{},"s":{"0":14,"1":14,"2":14,"3":14,"4":14,"5":14,"6":14,"7":14,"8":84,"9":14,"10":84,"11":0},"f":{"0":84,"1":84,"2":0},"b":{},"meta":{"lastBranch":0,"lastFunction":3,"lastStatement":12,"seen":{"s:4:25:12:Infinity":0,"s:16:30:23:Infinity":1,"s:27:26:30:Infinity":2,"s:34:28:38:Infinity":3,"s:101:45:131:Infinity":4,"s:140:69:147:Infinity":5,"s:149:46:149:73":6,"s:153:2:153:75":7,"f:153:34:153:39":0,"s:153:45:153:73":8,"s:156:2:156:80":9,"f:156:34:156:39":1,"s:156:45:156:78":10,"f:158:16:158:25":2,"s:159:2:159:Infinity":11}}}
,"/Users/jvalin/dev/st5/green_leaf/judgement/frontend/src/types/index.ts": {"path":"/Users/jvalin/dev/st5/green_leaf/judgement/frontend/src/types/index.ts","statementMap":{},"fnMap":{},"branchMap":{},"s":{},"f":{},"b":{},"meta":{"lastBranch":0,"lastFunction":0,"lastStatement":0,"seen":{}}}
,"/Users/jvalin/dev/st5/green_leaf/judgement/frontend/src/types/settings.ts": {"path":"/Users/jvalin/dev/st5/green_leaf/judgement/frontend/src/types/settings.ts","statementMap":{"0":{"start":{"line":1,"column":30},"end":{"line":11,"column":null}},"1":{"start":{"line":14,"column":26},"end":{"line":25,"column":null}},"2":{"start":{"line":28,"column":30},"end":{"line":32,"column":null}},"3":{"start":{"line":41,"column":46},"end":{"line":45,"column":null}},"4":{"start":{"line":47,"column":98},"end":{"line":58,"column":null}},"5":{"start":{"line":60,"column":62},"end":{"line":71,"column":null}},"6":{"start":{"line":73,"column":64},"end":{"line":83,"column":null}},"7":{"start":{"line":85,"column":105},"end":{"line":89,"column":null}},"8":{"start":{"line":91,"column":70},"end":{"line":95,"column":null}}},"fnMap":{},"branchMap":{},"s":{"0":14,"1":14,"2":14,"3":14,"4":14,"5":14,"6":14,"7":14,"8":14},"f":{},"b":{},"meta":{"lastBranch":0,"lastFunction":0,"lastStatement":9,"seen":{"s:1:30:11:Infinity":0,"s:14:26:25:Infinity":1,"s:28:30:32:Infinity":2,"s:41:46:45:Infinity":3,"s:47:98:58:Infinity":4,"s:60:62:71:Infinity":5,"s:73:64:83:Infinity":6,"s:85:105:89:Infinity":7,"s:91:70:95:Infinity":8}}}
}
